SF:/Users/zuowenjian/devspace/galaxy/orion_variate/src/addr/accessor/core.rs
FN:47,_RNCNvXs4_NtNtNtCs4EPYtvAxxn7_13orion_variate4addr8accessor4coreNtB7_12AddrAccessorNtNtBd_5types16ResourceUploader17upload_from_local0Bd_
FN:47,_RNvXs4_NtNtNtCs4EPYtvAxxn7_13orion_variate4addr8accessor4coreNtB5_12AddrAccessorNtNtBb_5types16ResourceUploader17upload_from_local
FN:31,_RNvXs3_NtNtNtCs4EPYtvAxxn7_13orion_variate4addr8accessor4coreNtB5_12AddrAccessorNtNtBb_5types18ResourceDownloader17download_to_local
FN:31,_RNCNvXs3_NtNtNtCs4EPYtvAxxn7_13orion_variate4addr8accessor4coreNtB7_12AddrAccessorNtNtBd_5types18ResourceDownloader17download_to_local0Bd_
FNDA:0,_RNCNvXs4_NtNtNtCs4EPYtvAxxn7_13orion_variate4addr8accessor4coreNtB7_12AddrAccessorNtNtBd_5types16ResourceUploader17upload_from_local0Bd_
FNDA:0,_RNvXs4_NtNtNtCs4EPYtvAxxn7_13orion_variate4addr8accessor4coreNtB5_12AddrAccessorNtNtBb_5types16ResourceUploader17upload_from_local
FNDA:0,_RNvXs3_NtNtNtCs4EPYtvAxxn7_13orion_variate4addr8accessor4coreNtB5_12AddrAccessorNtNtBb_5types18ResourceDownloader17download_to_local
FNDA:0,_RNCNvXs3_NtNtNtCs4EPYtvAxxn7_13orion_variate4addr8accessor4coreNtB7_12AddrAccessorNtNtBd_5types18ResourceDownloader17download_to_local0Bd_
FNF:2
FNH:0
DA:31,0
DA:32,0
DA:33,0
DA:34,0
DA:35,0
DA:37,0
DA:47,0
DA:48,0
DA:49,0
DA:50,0
DA:51,0
DA:53,0
BRF:0
BRH:0
LF:12
LH:0
end_of_record
SF:/Users/zuowenjian/devspace/galaxy/orion_variate/src/addr/accessor/git.rs
FN:138,_RNvMNtNtNtCsi54NA8MzyV0_13orion_variate4addr8accessor3gitNtB2_11GitAccessor11update_repo
FN:153,_RNvMNtNtNtCsi54NA8MzyV0_13orion_variate4addr8accessor3gitNtB2_11GitAccessor12pull_updates
FN:216,_RNvMNtNtNtCsi54NA8MzyV0_13orion_variate4addr8accessor3gitNtB2_11GitAccessor14merge_upstream
FN:254,_RNvMNtNtNtCsi54NA8MzyV0_13orion_variate4addr8accessor3gitNtB2_11GitAccessor16is_workdir_clean
FN:195,_RNvMNtNtNtCsi54NA8MzyV0_13orion_variate4addr8accessor3gitNtB2_11GitAccessor18fast_forward_merge
FN:263,_RNvMNtNtNtCsi54NA8MzyV0_13orion_variate4addr8accessor3gitNtB2_11GitAccessor19get_local_repo_name
FN:41,_RNvMNtNtNtCsi54NA8MzyV0_13orion_variate4addr8accessor3gitNtB2_11GitAccessor19with_proxy_from_env
FN:46,_RNvMNtNtNtCsi54NA8MzyV0_13orion_variate4addr8accessor3gitNtB2_11GitAccessor22build_remote_callbacks
FN:422,_RNvMs_NtNtNtCsi54NA8MzyV0_13orion_variate4addr8accessor3gitNtB4_11GitAccessor10clone_repo
FN:529,_RNvMs_NtNtNtCsi54NA8MzyV0_13orion_variate4addr8accessor3gitNtB4_11GitAccessor12checkout_tag
FN:465,_RNvMs_NtNtNtCsi54NA8MzyV0_13orion_variate4addr8accessor3gitNtB4_11GitAccessor13fetch_updates
FN:543,_RNvMs_NtNtNtCsi54NA8MzyV0_13orion_variate4addr8accessor3gitNtB4_11GitAccessor15checkout_branch
FN:497,_RNvMs_NtNtNtCsi54NA8MzyV0_13orion_variate4addr8accessor3gitNtB4_11GitAccessor15checkout_target
FN:516,_RNvMs_NtNtNtCsi54NA8MzyV0_13orion_variate4addr8accessor3gitNtB4_11GitAccessor17checkout_revision
FN:580,_RNvMs_NtNtNtCsi54NA8MzyV0_13orion_variate4addr8accessor3gitNtB4_11GitAccessor6submit
FN:413,_RNvMs_NtNtNtCsi54NA8MzyV0_13orion_variate4addr8accessor3gitNtB4_11GitAccessor9sync_repo
FN:649,_RNvNtNtNtCsi54NA8MzyV0_13orion_variate4addr8accessor3git20find_default_ssh_key
FN:284,_RNvXs6_NtNtNtCsi54NA8MzyV0_13orion_variate4addr8accessor3gitNtB5_11GitAccessorNtNtBb_5types18ResourceDownloader17download_to_local
FN:367,_RNvXs7_NtNtNtCsi54NA8MzyV0_13orion_variate4addr8accessor3gitNtB5_11GitAccessorNtNtBb_5types16ResourceUploader17upload_from_local
FN:66,_RNCNCNCNvMNtNtNtCsi54NA8MzyV0_13orion_variate4addr8accessor3gitNtB8_11GitAccessor22build_remote_callbacks000Be_
FN:67,_RNCNCNCNvMNtNtNtCsi54NA8MzyV0_13orion_variate4addr8accessor3gitNtB8_11GitAccessor22build_remote_callbacks00s_0Be_
FN:86,_RNCNCNCNvMNtNtNtCsi54NA8MzyV0_13orion_variate4addr8accessor3gitNtB8_11GitAccessor22build_remote_callbacks0s0_00Be_
FN:80,_RNCNCNCNvMNtNtNtCsi54NA8MzyV0_13orion_variate4addr8accessor3gitNtB8_11GitAccessor22build_remote_callbacks0s_00Be_
FN:81,_RNCNCNCNvMNtNtNtCsi54NA8MzyV0_13orion_variate4addr8accessor3gitNtB8_11GitAccessor22build_remote_callbacks0s_0s_0Be_
FN:61,_RNCNCNvMNtNtNtCsi54NA8MzyV0_13orion_variate4addr8accessor3gitNtB6_11GitAccessor22build_remote_callbacks00Bc_
FN:86,_RNCNCNvMNtNtNtCsi54NA8MzyV0_13orion_variate4addr8accessor3gitNtB6_11GitAccessor22build_remote_callbacks0s0_0Bc_
FN:120,_RNCNCNvMNtNtNtCsi54NA8MzyV0_13orion_variate4addr8accessor3gitNtB6_11GitAccessor22build_remote_callbacks0s1_0Bc_
FN:76,_RNCNCNvMNtNtNtCsi54NA8MzyV0_13orion_variate4addr8accessor3gitNtB6_11GitAccessor22build_remote_callbacks0s_0Bc_
FN:386,_RNCNCNvXs7_NtNtNtCsi54NA8MzyV0_13orion_variate4addr8accessor3gitNtB9_11GitAccessorNtNtBf_5types16ResourceUploader17upload_from_local00Bf_
FN:53,_RNCNvMNtNtNtCsi54NA8MzyV0_13orion_variate4addr8accessor3gitNtB4_11GitAccessor22build_remote_callbacks0Ba_
FN:555,_RNCNvMs_NtNtNtCsi54NA8MzyV0_13orion_variate4addr8accessor3gitNtB6_11GitAccessor15checkout_branch0Bc_
FN:509,_RNCNvMs_NtNtNtCsi54NA8MzyV0_13orion_variate4addr8accessor3gitNtB6_11GitAccessor15checkout_target0Bc_
FN:284,_RNCNvXs6_NtNtNtCsi54NA8MzyV0_13orion_variate4addr8accessor3gitNtB7_11GitAccessorNtNtBd_5types18ResourceDownloader17download_to_local0Bd_
FN:367,_RNCNvXs7_NtNtNtCsi54NA8MzyV0_13orion_variate4addr8accessor3gitNtB7_11GitAccessorNtNtBd_5types16ResourceUploader17upload_from_local0Bd_
FN:744,_RNvNtNtNtNtCs4EPYtvAxxn7_13orion_variate4addr8accessor3git5testss_20test_git_addr_pull_2
FN:874,_RNvNtNtNtNtCs4EPYtvAxxn7_13orion_variate4addr8accessor3git5testss_23test_git_addr_env_token
FN:685,_RNvNtNtNtNtCs4EPYtvAxxn7_13orion_variate4addr8accessor3git5testss_26test_git_addr_update_local
FN:770,_RNvNtNtNtNtCs4EPYtvAxxn7_13orion_variate4addr8accessor3git5testss_27test_git_addr_pull_redirect
FN:903,_RNvNtNtNtNtCs4EPYtvAxxn7_13orion_variate4addr8accessor3git5testss_28test_git_addr_cnb_cool_clone
FN:884,_RNvNtNtNtNtCs4EPYtvAxxn7_13orion_variate4addr8accessor3git5testss_28test_git_credentials_parsing
FN:807,_RNvNtNtNtNtCs4EPYtvAxxn7_13orion_variate4addr8accessor3git5testss_29test_checkout_specific_branch
FN:834,_RNvNtNtNtNtCs4EPYtvAxxn7_13orion_variate4addr8accessor3git5testss_30test_dir_upload_to_remote_repo
FN:718,_RNvNtNtNtNtCs4EPYtvAxxn7_13orion_variate4addr8accessor3git5testss_30test_git_addr_update_local_sub
FN:855,_RNvNtNtNtNtCs4EPYtvAxxn7_13orion_variate4addr8accessor3git5testss_31test_file_upload_to_remote_repo
FN:937,_RNvNtNtNtNtCs4EPYtvAxxn7_13orion_variate4addr8accessor3git5testss_33test_git_addr_cnb_cool_with_token
FN:892,_RNvNtNtNtNtCs4EPYtvAxxn7_13orion_variate4addr8accessor3git5testss_34test_git_addr_with_git_credentials
FN:744,_RNCNvNtNtNtNtCs4EPYtvAxxn7_13orion_variate4addr8accessor3git5testss_20test_git_addr_pull_20Bb_
FN:685,_RNCNvNtNtNtNtCs4EPYtvAxxn7_13orion_variate4addr8accessor3git5testss_26test_git_addr_update_local0Bb_
FN:770,_RNCNvNtNtNtNtCs4EPYtvAxxn7_13orion_variate4addr8accessor3git5testss_27test_git_addr_pull_redirect0Bb_
FN:903,_RNCNvNtNtNtNtCs4EPYtvAxxn7_13orion_variate4addr8accessor3git5testss_28test_git_addr_cnb_cool_clone0Bb_
FN:807,_RNCNvNtNtNtNtCs4EPYtvAxxn7_13orion_variate4addr8accessor3git5testss_29test_checkout_specific_branch0Bb_
FN:834,_RNCNvNtNtNtNtCs4EPYtvAxxn7_13orion_variate4addr8accessor3git5testss_30test_dir_upload_to_remote_repo0Bb_
FN:718,_RNCNvNtNtNtNtCs4EPYtvAxxn7_13orion_variate4addr8accessor3git5testss_30test_git_addr_update_local_sub0Bb_
FN:855,_RNCNvNtNtNtNtCs4EPYtvAxxn7_13orion_variate4addr8accessor3git5testss_31test_file_upload_to_remote_repo0Bb_
FN:937,_RNCNvNtNtNtNtCs4EPYtvAxxn7_13orion_variate4addr8accessor3git5testss_33test_git_addr_cnb_cool_with_token0Bb_
FN:138,_RNvMNtNtNtCs4EPYtvAxxn7_13orion_variate4addr8accessor3gitNtB2_11GitAccessor11update_repo
FN:153,_RNvMNtNtNtCs4EPYtvAxxn7_13orion_variate4addr8accessor3gitNtB2_11GitAccessor12pull_updates
FN:216,_RNvMNtNtNtCs4EPYtvAxxn7_13orion_variate4addr8accessor3gitNtB2_11GitAccessor14merge_upstream
FN:254,_RNvMNtNtNtCs4EPYtvAxxn7_13orion_variate4addr8accessor3gitNtB2_11GitAccessor16is_workdir_clean
FN:195,_RNvMNtNtNtCs4EPYtvAxxn7_13orion_variate4addr8accessor3gitNtB2_11GitAccessor18fast_forward_merge
FN:413,_RNvMs_NtNtNtCs4EPYtvAxxn7_13orion_variate4addr8accessor3gitNtB4_11GitAccessor9sync_repo
FN:263,_RNvMNtNtNtCs4EPYtvAxxn7_13orion_variate4addr8accessor3gitNtB2_11GitAccessor19get_local_repo_name
FN:41,_RNvMNtNtNtCs4EPYtvAxxn7_13orion_variate4addr8accessor3gitNtB2_11GitAccessor19with_proxy_from_env
FN:46,_RNvMNtNtNtCs4EPYtvAxxn7_13orion_variate4addr8accessor3gitNtB2_11GitAccessor22build_remote_callbacks
FN:422,_RNvMs_NtNtNtCs4EPYtvAxxn7_13orion_variate4addr8accessor3gitNtB4_11GitAccessor10clone_repo
FN:529,_RNvMs_NtNtNtCs4EPYtvAxxn7_13orion_variate4addr8accessor3gitNtB4_11GitAccessor12checkout_tag
FN:465,_RNvMs_NtNtNtCs4EPYtvAxxn7_13orion_variate4addr8accessor3gitNtB4_11GitAccessor13fetch_updates
FN:543,_RNvMs_NtNtNtCs4EPYtvAxxn7_13orion_variate4addr8accessor3gitNtB4_11GitAccessor15checkout_branch
FN:497,_RNvMs_NtNtNtCs4EPYtvAxxn7_13orion_variate4addr8accessor3gitNtB4_11GitAccessor15checkout_target
FN:516,_RNvMs_NtNtNtCs4EPYtvAxxn7_13orion_variate4addr8accessor3gitNtB4_11GitAccessor17checkout_revision
FN:580,_RNvMs_NtNtNtCs4EPYtvAxxn7_13orion_variate4addr8accessor3gitNtB4_11GitAccessor6submit
FN:649,_RNvNtNtNtCs4EPYtvAxxn7_13orion_variate4addr8accessor3git20find_default_ssh_key
FN:284,_RNvXs6_NtNtNtCs4EPYtvAxxn7_13orion_variate4addr8accessor3gitNtB5_11GitAccessorNtNtBb_5types18ResourceDownloader17download_to_local
FN:367,_RNvXs7_NtNtNtCs4EPYtvAxxn7_13orion_variate4addr8accessor3gitNtB5_11GitAccessorNtNtBb_5types16ResourceUploader17upload_from_local
FN:66,_RNCNCNCNvMNtNtNtCs4EPYtvAxxn7_13orion_variate4addr8accessor3gitNtB8_11GitAccessor22build_remote_callbacks000Be_
FN:67,_RNCNCNCNvMNtNtNtCs4EPYtvAxxn7_13orion_variate4addr8accessor3gitNtB8_11GitAccessor22build_remote_callbacks00s_0Be_
FN:86,_RNCNCNCNvMNtNtNtCs4EPYtvAxxn7_13orion_variate4addr8accessor3gitNtB8_11GitAccessor22build_remote_callbacks0s0_00Be_
FN:80,_RNCNCNCNvMNtNtNtCs4EPYtvAxxn7_13orion_variate4addr8accessor3gitNtB8_11GitAccessor22build_remote_callbacks0s_00Be_
FN:81,_RNCNCNCNvMNtNtNtCs4EPYtvAxxn7_13orion_variate4addr8accessor3gitNtB8_11GitAccessor22build_remote_callbacks0s_0s_0Be_
FN:61,_RNCNCNvMNtNtNtCs4EPYtvAxxn7_13orion_variate4addr8accessor3gitNtB6_11GitAccessor22build_remote_callbacks00Bc_
FN:86,_RNCNCNvMNtNtNtCs4EPYtvAxxn7_13orion_variate4addr8accessor3gitNtB6_11GitAccessor22build_remote_callbacks0s0_0Bc_
FN:120,_RNCNCNvMNtNtNtCs4EPYtvAxxn7_13orion_variate4addr8accessor3gitNtB6_11GitAccessor22build_remote_callbacks0s1_0Bc_
FN:76,_RNCNCNvMNtNtNtCs4EPYtvAxxn7_13orion_variate4addr8accessor3gitNtB6_11GitAccessor22build_remote_callbacks0s_0Bc_
FN:386,_RNCNCNvXs7_NtNtNtCs4EPYtvAxxn7_13orion_variate4addr8accessor3gitNtB9_11GitAccessorNtNtBf_5types16ResourceUploader17upload_from_local00Bf_
FN:53,_RNCNvMNtNtNtCs4EPYtvAxxn7_13orion_variate4addr8accessor3gitNtB4_11GitAccessor22build_remote_callbacks0Ba_
FN:555,_RNCNvMs_NtNtNtCs4EPYtvAxxn7_13orion_variate4addr8accessor3gitNtB6_11GitAccessor15checkout_branch0Bc_
FN:509,_RNCNvMs_NtNtNtCs4EPYtvAxxn7_13orion_variate4addr8accessor3gitNtB6_11GitAccessor15checkout_target0Bc_
FN:284,_RNCNvXs6_NtNtNtCs4EPYtvAxxn7_13orion_variate4addr8accessor3gitNtB7_11GitAccessorNtNtBd_5types18ResourceDownloader17download_to_local0Bd_
FN:367,_RNCNvXs7_NtNtNtCs4EPYtvAxxn7_13orion_variate4addr8accessor3gitNtB7_11GitAccessorNtNtBd_5types16ResourceUploader17upload_from_local0Bd_
FNDA:0,_RNvMNtNtNtCsi54NA8MzyV0_13orion_variate4addr8accessor3gitNtB2_11GitAccessor11update_repo
FNDA:0,_RNvMNtNtNtCsi54NA8MzyV0_13orion_variate4addr8accessor3gitNtB2_11GitAccessor12pull_updates
FNDA:0,_RNvMNtNtNtCsi54NA8MzyV0_13orion_variate4addr8accessor3gitNtB2_11GitAccessor14merge_upstream
FNDA:0,_RNvMNtNtNtCsi54NA8MzyV0_13orion_variate4addr8accessor3gitNtB2_11GitAccessor16is_workdir_clean
FNDA:0,_RNvMNtNtNtCsi54NA8MzyV0_13orion_variate4addr8accessor3gitNtB2_11GitAccessor18fast_forward_merge
FNDA:0,_RNvMNtNtNtCsi54NA8MzyV0_13orion_variate4addr8accessor3gitNtB2_11GitAccessor19get_local_repo_name
FNDA:1,_RNvMNtNtNtCsi54NA8MzyV0_13orion_variate4addr8accessor3gitNtB2_11GitAccessor19with_proxy_from_env
FNDA:0,_RNvMNtNtNtCsi54NA8MzyV0_13orion_variate4addr8accessor3gitNtB2_11GitAccessor22build_remote_callbacks
FNDA:0,_RNvMs_NtNtNtCsi54NA8MzyV0_13orion_variate4addr8accessor3gitNtB4_11GitAccessor10clone_repo
FNDA:0,_RNvMs_NtNtNtCsi54NA8MzyV0_13orion_variate4addr8accessor3gitNtB4_11GitAccessor12checkout_tag
FNDA:0,_RNvMs_NtNtNtCsi54NA8MzyV0_13orion_variate4addr8accessor3gitNtB4_11GitAccessor13fetch_updates
FNDA:0,_RNvMs_NtNtNtCsi54NA8MzyV0_13orion_variate4addr8accessor3gitNtB4_11GitAccessor15checkout_branch
FNDA:0,_RNvMs_NtNtNtCsi54NA8MzyV0_13orion_variate4addr8accessor3gitNtB4_11GitAccessor15checkout_target
FNDA:0,_RNvMs_NtNtNtCsi54NA8MzyV0_13orion_variate4addr8accessor3gitNtB4_11GitAccessor17checkout_revision
FNDA:0,_RNvMs_NtNtNtCsi54NA8MzyV0_13orion_variate4addr8accessor3gitNtB4_11GitAccessor6submit
FNDA:0,_RNvMs_NtNtNtCsi54NA8MzyV0_13orion_variate4addr8accessor3gitNtB4_11GitAccessor9sync_repo
FNDA:0,_RNvNtNtNtCsi54NA8MzyV0_13orion_variate4addr8accessor3git20find_default_ssh_key
FNDA:0,_RNvXs6_NtNtNtCsi54NA8MzyV0_13orion_variate4addr8accessor3gitNtB5_11GitAccessorNtNtBb_5types18ResourceDownloader17download_to_local
FNDA:0,_RNvXs7_NtNtNtCsi54NA8MzyV0_13orion_variate4addr8accessor3gitNtB5_11GitAccessorNtNtBb_5types16ResourceUploader17upload_from_local
FNDA:0,_RNCNCNCNvMNtNtNtCsi54NA8MzyV0_13orion_variate4addr8accessor3gitNtB8_11GitAccessor22build_remote_callbacks000Be_
FNDA:0,_RNCNCNCNvMNtNtNtCsi54NA8MzyV0_13orion_variate4addr8accessor3gitNtB8_11GitAccessor22build_remote_callbacks00s_0Be_
FNDA:0,_RNCNCNCNvMNtNtNtCsi54NA8MzyV0_13orion_variate4addr8accessor3gitNtB8_11GitAccessor22build_remote_callbacks0s0_00Be_
FNDA:0,_RNCNCNCNvMNtNtNtCsi54NA8MzyV0_13orion_variate4addr8accessor3gitNtB8_11GitAccessor22build_remote_callbacks0s_00Be_
FNDA:0,_RNCNCNCNvMNtNtNtCsi54NA8MzyV0_13orion_variate4addr8accessor3gitNtB8_11GitAccessor22build_remote_callbacks0s_0s_0Be_
FNDA:0,_RNCNCNvMNtNtNtCsi54NA8MzyV0_13orion_variate4addr8accessor3gitNtB6_11GitAccessor22build_remote_callbacks00Bc_
FNDA:0,_RNCNCNvMNtNtNtCsi54NA8MzyV0_13orion_variate4addr8accessor3gitNtB6_11GitAccessor22build_remote_callbacks0s0_0Bc_
FNDA:0,_RNCNCNvMNtNtNtCsi54NA8MzyV0_13orion_variate4addr8accessor3gitNtB6_11GitAccessor22build_remote_callbacks0s1_0Bc_
FNDA:0,_RNCNCNvMNtNtNtCsi54NA8MzyV0_13orion_variate4addr8accessor3gitNtB6_11GitAccessor22build_remote_callbacks0s_0Bc_
FNDA:0,_RNCNCNvXs7_NtNtNtCsi54NA8MzyV0_13orion_variate4addr8accessor3gitNtB9_11GitAccessorNtNtBf_5types16ResourceUploader17upload_from_local00Bf_
FNDA:0,_RNCNvMNtNtNtCsi54NA8MzyV0_13orion_variate4addr8accessor3gitNtB4_11GitAccessor22build_remote_callbacks0Ba_
FNDA:0,_RNCNvMs_NtNtNtCsi54NA8MzyV0_13orion_variate4addr8accessor3gitNtB6_11GitAccessor15checkout_branch0Bc_
FNDA:0,_RNCNvMs_NtNtNtCsi54NA8MzyV0_13orion_variate4addr8accessor3gitNtB6_11GitAccessor15checkout_target0Bc_
FNDA:0,_RNCNvXs6_NtNtNtCsi54NA8MzyV0_13orion_variate4addr8accessor3gitNtB7_11GitAccessorNtNtBd_5types18ResourceDownloader17download_to_local0Bd_
FNDA:0,_RNCNvXs7_NtNtNtCsi54NA8MzyV0_13orion_variate4addr8accessor3gitNtB7_11GitAccessorNtNtBd_5types16ResourceUploader17upload_from_local0Bd_
FNDA:1,_RNvNtNtNtNtCs4EPYtvAxxn7_13orion_variate4addr8accessor3git5testss_20test_git_addr_pull_2
FNDA:1,_RNvNtNtNtNtCs4EPYtvAxxn7_13orion_variate4addr8accessor3git5testss_23test_git_addr_env_token
FNDA:0,_RNvNtNtNtNtCs4EPYtvAxxn7_13orion_variate4addr8accessor3git5testss_26test_git_addr_update_local
FNDA:1,_RNvNtNtNtNtCs4EPYtvAxxn7_13orion_variate4addr8accessor3git5testss_27test_git_addr_pull_redirect
FNDA:0,_RNvNtNtNtNtCs4EPYtvAxxn7_13orion_variate4addr8accessor3git5testss_28test_git_addr_cnb_cool_clone
FNDA:1,_RNvNtNtNtNtCs4EPYtvAxxn7_13orion_variate4addr8accessor3git5testss_28test_git_credentials_parsing
FNDA:1,_RNvNtNtNtNtCs4EPYtvAxxn7_13orion_variate4addr8accessor3git5testss_29test_checkout_specific_branch
FNDA:0,_RNvNtNtNtNtCs4EPYtvAxxn7_13orion_variate4addr8accessor3git5testss_30test_dir_upload_to_remote_repo
FNDA:1,_RNvNtNtNtNtCs4EPYtvAxxn7_13orion_variate4addr8accessor3git5testss_30test_git_addr_update_local_sub
FNDA:0,_RNvNtNtNtNtCs4EPYtvAxxn7_13orion_variate4addr8accessor3git5testss_31test_file_upload_to_remote_repo
FNDA:0,_RNvNtNtNtNtCs4EPYtvAxxn7_13orion_variate4addr8accessor3git5testss_33test_git_addr_cnb_cool_with_token
FNDA:1,_RNvNtNtNtNtCs4EPYtvAxxn7_13orion_variate4addr8accessor3git5testss_34test_git_addr_with_git_credentials
FNDA:1,_RNCNvNtNtNtNtCs4EPYtvAxxn7_13orion_variate4addr8accessor3git5testss_20test_git_addr_pull_20Bb_
FNDA:0,_RNCNvNtNtNtNtCs4EPYtvAxxn7_13orion_variate4addr8accessor3git5testss_26test_git_addr_update_local0Bb_
FNDA:1,_RNCNvNtNtNtNtCs4EPYtvAxxn7_13orion_variate4addr8accessor3git5testss_27test_git_addr_pull_redirect0Bb_
FNDA:0,_RNCNvNtNtNtNtCs4EPYtvAxxn7_13orion_variate4addr8accessor3git5testss_28test_git_addr_cnb_cool_clone0Bb_
FNDA:1,_RNCNvNtNtNtNtCs4EPYtvAxxn7_13orion_variate4addr8accessor3git5testss_29test_checkout_specific_branch0Bb_
FNDA:0,_RNCNvNtNtNtNtCs4EPYtvAxxn7_13orion_variate4addr8accessor3git5testss_30test_dir_upload_to_remote_repo0Bb_
FNDA:1,_RNCNvNtNtNtNtCs4EPYtvAxxn7_13orion_variate4addr8accessor3git5testss_30test_git_addr_update_local_sub0Bb_
FNDA:0,_RNCNvNtNtNtNtCs4EPYtvAxxn7_13orion_variate4addr8accessor3git5testss_31test_file_upload_to_remote_repo0Bb_
FNDA:0,_RNCNvNtNtNtNtCs4EPYtvAxxn7_13orion_variate4addr8accessor3git5testss_33test_git_addr_cnb_cool_with_token0Bb_
FNDA:0,_RNvMNtNtNtCs4EPYtvAxxn7_13orion_variate4addr8accessor3gitNtB2_11GitAccessor11update_repo
FNDA:0,_RNvMNtNtNtCs4EPYtvAxxn7_13orion_variate4addr8accessor3gitNtB2_11GitAccessor12pull_updates
FNDA:0,_RNvMNtNtNtCs4EPYtvAxxn7_13orion_variate4addr8accessor3gitNtB2_11GitAccessor14merge_upstream
FNDA:0,_RNvMNtNtNtCs4EPYtvAxxn7_13orion_variate4addr8accessor3gitNtB2_11GitAccessor16is_workdir_clean
FNDA:0,_RNvMNtNtNtCs4EPYtvAxxn7_13orion_variate4addr8accessor3gitNtB2_11GitAccessor18fast_forward_merge
FNDA:0,_RNvMs_NtNtNtCs4EPYtvAxxn7_13orion_variate4addr8accessor3gitNtB4_11GitAccessor9sync_repo
FNDA:5,_RNvMNtNtNtCs4EPYtvAxxn7_13orion_variate4addr8accessor3gitNtB2_11GitAccessor19get_local_repo_name
FNDA:1,_RNvMNtNtNtCs4EPYtvAxxn7_13orion_variate4addr8accessor3gitNtB2_11GitAccessor19with_proxy_from_env
FNDA:0,_RNvMNtNtNtCs4EPYtvAxxn7_13orion_variate4addr8accessor3gitNtB2_11GitAccessor22build_remote_callbacks
FNDA:0,_RNvMs_NtNtNtCs4EPYtvAxxn7_13orion_variate4addr8accessor3gitNtB4_11GitAccessor10clone_repo
FNDA:0,_RNvMs_NtNtNtCs4EPYtvAxxn7_13orion_variate4addr8accessor3gitNtB4_11GitAccessor12checkout_tag
FNDA:0,_RNvMs_NtNtNtCs4EPYtvAxxn7_13orion_variate4addr8accessor3gitNtB4_11GitAccessor13fetch_updates
FNDA:0,_RNvMs_NtNtNtCs4EPYtvAxxn7_13orion_variate4addr8accessor3gitNtB4_11GitAccessor15checkout_branch
FNDA:0,_RNvMs_NtNtNtCs4EPYtvAxxn7_13orion_variate4addr8accessor3gitNtB4_11GitAccessor15checkout_target
FNDA:0,_RNvMs_NtNtNtCs4EPYtvAxxn7_13orion_variate4addr8accessor3gitNtB4_11GitAccessor17checkout_revision
FNDA:0,_RNvMs_NtNtNtCs4EPYtvAxxn7_13orion_variate4addr8accessor3gitNtB4_11GitAccessor6submit
FNDA:0,_RNvNtNtNtCs4EPYtvAxxn7_13orion_variate4addr8accessor3git20find_default_ssh_key
FNDA:5,_RNvXs6_NtNtNtCs4EPYtvAxxn7_13orion_variate4addr8accessor3gitNtB5_11GitAccessorNtNtBb_5types18ResourceDownloader17download_to_local
FNDA:0,_RNvXs7_NtNtNtCs4EPYtvAxxn7_13orion_variate4addr8accessor3gitNtB5_11GitAccessorNtNtBb_5types16ResourceUploader17upload_from_local
FNDA:0,_RNCNCNCNvMNtNtNtCs4EPYtvAxxn7_13orion_variate4addr8accessor3gitNtB8_11GitAccessor22build_remote_callbacks000Be_
FNDA:0,_RNCNCNCNvMNtNtNtCs4EPYtvAxxn7_13orion_variate4addr8accessor3gitNtB8_11GitAccessor22build_remote_callbacks00s_0Be_
FNDA:0,_RNCNCNCNvMNtNtNtCs4EPYtvAxxn7_13orion_variate4addr8accessor3gitNtB8_11GitAccessor22build_remote_callbacks0s0_00Be_
FNDA:0,_RNCNCNCNvMNtNtNtCs4EPYtvAxxn7_13orion_variate4addr8accessor3gitNtB8_11GitAccessor22build_remote_callbacks0s_00Be_
FNDA:0,_RNCNCNCNvMNtNtNtCs4EPYtvAxxn7_13orion_variate4addr8accessor3gitNtB8_11GitAccessor22build_remote_callbacks0s_0s_0Be_
FNDA:0,_RNCNCNvMNtNtNtCs4EPYtvAxxn7_13orion_variate4addr8accessor3gitNtB6_11GitAccessor22build_remote_callbacks00Bc_
FNDA:0,_RNCNCNvMNtNtNtCs4EPYtvAxxn7_13orion_variate4addr8accessor3gitNtB6_11GitAccessor22build_remote_callbacks0s0_0Bc_
FNDA:0,_RNCNCNvMNtNtNtCs4EPYtvAxxn7_13orion_variate4addr8accessor3gitNtB6_11GitAccessor22build_remote_callbacks0s1_0Bc_
FNDA:0,_RNCNCNvMNtNtNtCs4EPYtvAxxn7_13orion_variate4addr8accessor3gitNtB6_11GitAccessor22build_remote_callbacks0s_0Bc_
FNDA:0,_RNCNCNvXs7_NtNtNtCs4EPYtvAxxn7_13orion_variate4addr8accessor3gitNtB9_11GitAccessorNtNtBf_5types16ResourceUploader17upload_from_local00Bf_
FNDA:0,_RNCNvMNtNtNtCs4EPYtvAxxn7_13orion_variate4addr8accessor3gitNtB4_11GitAccessor22build_remote_callbacks0Ba_
FNDA:0,_RNCNvMs_NtNtNtCs4EPYtvAxxn7_13orion_variate4addr8accessor3gitNtB6_11GitAccessor15checkout_branch0Bc_
FNDA:0,_RNCNvMs_NtNtNtCs4EPYtvAxxn7_13orion_variate4addr8accessor3gitNtB6_11GitAccessor15checkout_target0Bc_
FNDA:5,_RNCNvXs6_NtNtNtCs4EPYtvAxxn7_13orion_variate4addr8accessor3gitNtB7_11GitAccessorNtNtBd_5types18ResourceDownloader17download_to_local0Bd_
FNDA:0,_RNCNvXs7_NtNtNtCs4EPYtvAxxn7_13orion_variate4addr8accessor3gitNtB7_11GitAccessorNtNtBd_5types16ResourceUploader17upload_from_local0Bd_
FNF:53
FNH:14
DA:41,2
DA:42,2
DA:43,2
DA:44,2
DA:46,0
DA:47,0
DA:48,0
DA:49,0
DA:50,0
DA:51,0
DA:53,0
DA:55,0
DA:57,0
DA:59,0
DA:61,0
DA:62,0
DA:64,0
DA:65,0
DA:66,0
DA:67,0
DA:69,0
DA:71,0
DA:74,0
DA:75,0
DA:76,0
DA:77,0
DA:78,0
DA:79,0
DA:80,0
DA:81,0
DA:83,0
DA:85,0
DA:86,0
DA:88,0
DA:90,0
DA:92,0
DA:93,0
DA:95,0
DA:98,0
DA:100,0
DA:103,0
DA:106,0
DA:110,0
DA:111,0
DA:114,0
DA:116,0
DA:119,0
DA:120,0
DA:123,0
DA:124,0
DA:125,0
DA:126,0
DA:127,0
DA:130,0
DA:133,0
DA:134,0
DA:135,0
DA:138,0
DA:139,0
DA:140,0
DA:141,0
DA:143,0
DA:146,0
DA:149,0
DA:150,0
DA:153,0
DA:155,0
DA:156,0
DA:157,0
DA:158,0
DA:162,0
DA:163,0
DA:164,0
DA:165,0
DA:169,0
DA:170,0
DA:173,0
DA:174,0
DA:175,0
DA:178,0
DA:179,0
DA:182,0
DA:184,0
DA:185,0
DA:187,0
DA:190,0
DA:192,0
DA:195,0
DA:196,0
DA:197,0
DA:198,0
DA:199,0
DA:201,0
DA:202,0
DA:203,0
DA:207,0
DA:210,0
DA:212,0
DA:213,0
DA:216,0
DA:217,0
DA:218,0
DA:219,0
DA:220,0
DA:222,0
DA:225,0
DA:228,0
DA:229,0
DA:230,0
DA:233,0
DA:234,0
DA:235,0
DA:236,0
DA:238,0
DA:239,0
DA:240,0
DA:241,0
DA:242,0
DA:243,0
DA:244,0
DA:245,0
DA:248,0
DA:250,0
DA:251,0
DA:254,0
DA:255,0
DA:256,0
DA:257,0
DA:259,0
DA:260,0
DA:261,0
DA:263,5
DA:264,5
DA:265,5
DA:266,5
DA:267,5
DA:268,5
DA:269,5
DA:270,4
DA:271,4
DA:272,4
DA:273,5
DA:274,5
DA:284,10
DA:285,5
DA:286,5
DA:287,0
DA:289,5
DA:290,5
DA:291,5
DA:292,5
DA:293,5
DA:294,5
DA:295,5
DA:297,5
DA:298,5
DA:299,5
DA:300,5
DA:310,5
DA:311,5
DA:312,0
DA:313,0
DA:314,0
DA:315,0
DA:316,0
DA:319,5
DA:322,5
DA:323,5
DA:324,5
DA:329,0
DA:330,0
DA:333,5
DA:334,5
DA:335,1
DA:336,1
DA:337,1
DA:338,1
DA:339,4
DA:340,4
DA:341,4
DA:342,5
DA:343,0
DA:344,5
DA:346,5
DA:347,5
DA:348,5
DA:349,5
DA:350,5
DA:351,5
DA:352,5
DA:353,5
DA:354,5
DA:355,5
DA:356,5
DA:357,10
DA:367,0
DA:368,0
DA:369,0
DA:370,0
DA:371,0
DA:372,0
DA:373,0
DA:375,0
DA:377,0
DA:378,0
DA:379,0
DA:382,0
DA:383,0
DA:384,0
DA:385,0
DA:386,0
DA:387,0
DA:388,0
DA:389,0
DA:391,0
DA:392,0
DA:393,0
DA:395,0
DA:396,0
DA:397,0
DA:398,0
DA:399,0
DA:400,0
DA:402,0
DA:403,0
DA:406,0
DA:407,0
DA:408,0
DA:409,0
DA:413,0
DA:415,0
DA:416,0
DA:417,0
DA:419,0
DA:422,0
DA:423,0
DA:424,0
DA:426,0
DA:430,0
DA:432,0
DA:442,0
DA:443,0
DA:446,0
DA:447,0
DA:448,0
DA:449,0
DA:450,0
DA:453,0
DA:454,0
DA:457,0
DA:459,0
DA:461,0
DA:462,0
DA:465,0
DA:467,0
DA:470,0
DA:472,0
DA:473,0
DA:476,0
DA:477,0
DA:478,0
DA:479,0
DA:480,0
DA:483,0
DA:486,0
DA:487,0
DA:489,0
DA:490,0
DA:491,0
DA:493,0
DA:494,0
DA:497,0
DA:498,0
DA:499,0
DA:500,0
DA:501,0
DA:502,0
DA:503,0
DA:506,0
DA:507,0
DA:508,0
DA:509,0
DA:510,0
DA:511,0
DA:513,0
DA:516,0
DA:517,0
DA:518,0
DA:519,0
DA:520,0
DA:521,0
DA:522,0
DA:523,0
DA:524,0
DA:525,0
DA:526,0
DA:529,0
DA:530,0
DA:531,0
DA:532,0
DA:533,0
DA:534,0
DA:535,0
DA:536,0
DA:537,0
DA:538,0
DA:539,0
DA:540,0
DA:543,0
DA:544,0
DA:545,0
DA:546,0
DA:547,0
DA:548,0
DA:550,0
DA:552,0
DA:553,0
DA:554,0
DA:555,0
DA:556,0
DA:557,0
DA:558,0
DA:559,0
DA:562,0
DA:563,0
DA:565,0
DA:566,0
DA:567,0
DA:570,0
DA:571,0
DA:572,0
DA:573,0
DA:574,0
DA:576,0
DA:577,0
DA:580,0
DA:581,0
DA:582,0
DA:583,0
DA:584,0
DA:585,0
DA:586,0
DA:587,0
DA:589,0
DA:591,0
DA:592,0
DA:594,0
DA:595,0
DA:596,0
DA:597,0
DA:598,0
DA:599,0
DA:601,0
DA:602,0
DA:604,0
DA:605,0
DA:606,0
DA:607,0
DA:608,0
DA:609,0
DA:610,0
DA:611,0
DA:614,0
DA:615,0
DA:616,0
DA:618,0
DA:619,0
DA:620,0
DA:621,0
DA:622,0
DA:623,0
DA:624,0
DA:625,0
DA:626,0
DA:627,0
DA:628,0
DA:629,0
DA:631,0
DA:632,0
DA:635,0
DA:636,0
DA:637,0
DA:638,0
DA:639,0
DA:640,0
DA:641,0
DA:642,0
DA:643,0
DA:644,0
DA:645,0
DA:646,0
DA:649,0
DA:651,0
DA:652,0
DA:655,0
DA:656,0
DA:657,0
DA:658,0
DA:659,0
DA:660,0
DA:663,0
DA:664,0
DA:665,0
DA:666,0
DA:667,0
DA:670,0
DA:671,0
DA:685,0
DA:688,0
DA:689,0
DA:692,0
DA:693,0
DA:695,0
DA:697,0
DA:698,0
DA:699,0
DA:700,0
DA:701,0
DA:702,0
DA:703,0
DA:706,0
DA:707,0
DA:710,0
DA:711,0
DA:712,0
DA:714,0
DA:715,0
DA:718,1
DA:720,1
DA:721,1
DA:723,1
DA:724,1
DA:725,1
DA:726,1
DA:728,1
DA:729,1
DA:730,1
DA:733,1
DA:734,1
DA:735,1
DA:736,1
DA:737,1
DA:738,1
DA:739,1
DA:740,2
DA:741,1
DA:744,1
DA:746,1
DA:747,1
DA:748,1
DA:749,1
DA:750,1
DA:751,1
DA:753,1
DA:754,1
DA:756,1
DA:757,1
DA:758,1
DA:759,1
DA:760,1
DA:761,1
DA:762,1
DA:763,1
DA:764,1
DA:765,1
DA:766,2
DA:767,1
DA:770,1
DA:772,1
DA:773,1
DA:774,1
DA:775,1
DA:776,1
DA:777,1
DA:778,1
DA:779,1
DA:783,1
DA:784,1
DA:785,1
DA:786,1
DA:789,1
DA:790,1
DA:791,1
DA:794,1
DA:795,1
DA:796,1
DA:797,1
DA:798,1
DA:799,1
DA:800,1
DA:801,1
DA:802,1
DA:803,2
DA:804,1
DA:807,1
DA:808,1
DA:809,1
DA:810,1
DA:811,1
DA:812,1
DA:815,1
DA:816,1
DA:818,1
DA:819,1
DA:820,1
DA:821,1
DA:822,1
DA:823,1
DA:824,1
DA:825,1
DA:826,2
DA:827,1
DA:834,0
DA:835,0
DA:836,0
DA:837,0
DA:838,0
DA:839,0
DA:841,0
DA:842,0
DA:844,0
DA:845,0
DA:846,0
DA:847,0
DA:848,0
DA:849,0
DA:850,0
DA:851,0
DA:855,0
DA:856,0
DA:857,0
DA:859,0
DA:861,0
DA:862,0
DA:864,0
DA:865,0
DA:866,0
DA:867,0
DA:868,0
DA:869,0
DA:870,0
DA:871,0
DA:874,1
DA:876,1
DA:879,1
DA:880,1
DA:881,1
DA:884,1
DA:887,1
DA:889,1
DA:892,1
DA:894,1
DA:897,1
DA:899,1
DA:903,0
DA:905,0
DA:906,0
DA:907,0
DA:908,0
DA:909,0
DA:910,0
DA:913,0
DA:914,0
DA:915,0
DA:918,0
DA:919,0
DA:920,0
DA:921,0
DA:924,0
DA:925,0
DA:928,0
DA:929,0
DA:930,0
DA:932,0
DA:933,0
DA:937,0
DA:939,0
DA:940,0
DA:941,0
DA:942,0
DA:943,0
DA:944,0
DA:947,0
DA:948,0
DA:953,0
DA:954,0
DA:955,0
DA:956,0
DA:957,0
DA:958,0
DA:959,0
DA:962,0
DA:963,0
DA:965,0
DA:966,0
BRF:0
BRH:0
LF:626
LH:164
end_of_record
SF:/Users/zuowenjian/devspace/galaxy/orion_variate/src/addr/accessor/http.rs
FN:88,_RNvMNtNtNtCsi54NA8MzyV0_13orion_variate4addr8accessor4httpNtB2_12HttpAccessor8download
FN:162,_RNvXs4_NtNtNtCsi54NA8MzyV0_13orion_variate4addr8accessor4httpNtB5_12HttpAccessorNtNtBb_5types18ResourceDownloader17download_to_local
FN:183,_RNvXs5_NtNtNtCsi54NA8MzyV0_13orion_variate4addr8accessor4httpNtB5_12HttpAccessorNtNtBb_5types16ResourceUploader17upload_from_local
FN:26,_RINvMNtNtNtCsi54NA8MzyV0_13orion_variate4addr8accessor4httpNtB3_12HttpAccessor6uploadRNtNtCs9QY0sRQ9KnX_3std4path4PathEB9_
FN:31,_RNCINvMNtNtNtCsi54NA8MzyV0_13orion_variate4addr8accessor4httpNtB5_12HttpAccessor6uploadRNtNtCs9QY0sRQ9KnX_3std4path4PathE0Bb_
FN:41,_RNCNCINvMNtNtNtCsi54NA8MzyV0_13orion_variate4addr8accessor4httpNtB7_12HttpAccessor6uploadRNtNtCs9QY0sRQ9KnX_3std4path4PathE00Bd_
FN:93,_RNCNvMNtNtNtCsi54NA8MzyV0_13orion_variate4addr8accessor4httpNtB4_12HttpAccessor8download0Ba_
FN:162,_RNCNvXs4_NtNtNtCsi54NA8MzyV0_13orion_variate4addr8accessor4httpNtB7_12HttpAccessorNtNtBd_5types18ResourceDownloader17download_to_local0Bd_
FN:183,_RNCNvXs5_NtNtNtCsi54NA8MzyV0_13orion_variate4addr8accessor4httpNtB7_12HttpAccessorNtNtBd_5types16ResourceUploader17upload_from_local0Bd_
FN:391,_RNvNtNtNtNtCs4EPYtvAxxn7_13orion_variate4addr8accessor4http5test3s_21test_http_upload_post
FN:302,_RNvNtNtNtNtCs4EPYtvAxxn7_13orion_variate4addr8accessor4http5testss_14test_http_addr
FN:353,_RNvNtNtNtNtCs4EPYtvAxxn7_13orion_variate4addr8accessor4http5testss_20test_http_upload_put
FN:319,_RNvNtNtNtNtCs4EPYtvAxxn7_13orion_variate4addr8accessor4http5testss_21test_http_upload_post
FN:219,_RNvNtNtNtNtCs4EPYtvAxxn7_13orion_variate4addr8accessor4http5testss_26test_http_auth_download_no
FN:258,_RNvNtNtNtNtCs4EPYtvAxxn7_13orion_variate4addr8accessor4http5testss_37test_http_auth_download_with_redirect
FN:394,_RNCNCNvNtNtNtNtCs4EPYtvAxxn7_13orion_variate4addr8accessor4http5test3s_21test_http_upload_post00Bd_
FN:391,_RNCNvNtNtNtNtCs4EPYtvAxxn7_13orion_variate4addr8accessor4http5test3s_21test_http_upload_post0Bb_
FN:88,_RNvMNtNtNtCs4EPYtvAxxn7_13orion_variate4addr8accessor4httpNtB2_12HttpAccessor8download
FN:162,_RNvXs4_NtNtNtCs4EPYtvAxxn7_13orion_variate4addr8accessor4httpNtB5_12HttpAccessorNtNtBb_5types18ResourceDownloader17download_to_local
FN:183,_RNvXs5_NtNtNtCs4EPYtvAxxn7_13orion_variate4addr8accessor4httpNtB5_12HttpAccessorNtNtBb_5types16ResourceUploader17upload_from_local
FN:356,_RNCNCNvNtNtNtNtCs4EPYtvAxxn7_13orion_variate4addr8accessor4http5testss_20test_http_upload_put00Bd_
FN:322,_RNCNCNvNtNtNtNtCs4EPYtvAxxn7_13orion_variate4addr8accessor4http5testss_21test_http_upload_post00Bd_
FN:222,_RNCNCNvNtNtNtNtCs4EPYtvAxxn7_13orion_variate4addr8accessor4http5testss_26test_http_auth_download_no00Bd_
FN:262,_RNCNCNvNtNtNtNtCs4EPYtvAxxn7_13orion_variate4addr8accessor4http5testss_37test_http_auth_download_with_redirect00Bd_
FN:302,_RNCNvNtNtNtNtCs4EPYtvAxxn7_13orion_variate4addr8accessor4http5testss_14test_http_addr0Bb_
FN:353,_RNCNvNtNtNtNtCs4EPYtvAxxn7_13orion_variate4addr8accessor4http5testss_20test_http_upload_put0Bb_
FN:319,_RNCNvNtNtNtNtCs4EPYtvAxxn7_13orion_variate4addr8accessor4http5testss_21test_http_upload_post0Bb_
FN:219,_RNCNvNtNtNtNtCs4EPYtvAxxn7_13orion_variate4addr8accessor4http5testss_26test_http_auth_download_no0Bb_
FN:258,_RNCNvNtNtNtNtCs4EPYtvAxxn7_13orion_variate4addr8accessor4http5testss_37test_http_auth_download_with_redirect0Bb_
FN:26,_RINvMNtNtNtCs4EPYtvAxxn7_13orion_variate4addr8accessor4httpNtB3_12HttpAccessor6uploadRNtNtCs9QY0sRQ9KnX_3std4path4PathEB9_
FN:26,_RINvMNtNtNtCs4EPYtvAxxn7_13orion_variate4addr8accessor4httpNtB3_12HttpAccessor6uploadRNtNtCs9QY0sRQ9KnX_3std4path7PathBufEB9_
FN:31,_RNCINvMNtNtNtCs4EPYtvAxxn7_13orion_variate4addr8accessor4httpNtB5_12HttpAccessor6uploadRNtNtCs9QY0sRQ9KnX_3std4path4PathE0Bb_
FN:31,_RNCINvMNtNtNtCs4EPYtvAxxn7_13orion_variate4addr8accessor4httpNtB5_12HttpAccessor6uploadRNtNtCs9QY0sRQ9KnX_3std4path7PathBufE0Bb_
FN:41,_RNCNCINvMNtNtNtCs4EPYtvAxxn7_13orion_variate4addr8accessor4httpNtB7_12HttpAccessor6uploadRNtNtCs9QY0sRQ9KnX_3std4path4PathE00Bd_
FN:41,_RNCNCINvMNtNtNtCs4EPYtvAxxn7_13orion_variate4addr8accessor4httpNtB7_12HttpAccessor6uploadRNtNtCs9QY0sRQ9KnX_3std4path7PathBufE00Bd_
FN:93,_RNCNvMNtNtNtCs4EPYtvAxxn7_13orion_variate4addr8accessor4httpNtB4_12HttpAccessor8download0Ba_
FN:162,_RNCNvXs4_NtNtNtCs4EPYtvAxxn7_13orion_variate4addr8accessor4httpNtB7_12HttpAccessorNtNtBd_5types18ResourceDownloader17download_to_local0Bd_
FN:183,_RNCNvXs5_NtNtNtCs4EPYtvAxxn7_13orion_variate4addr8accessor4httpNtB7_12HttpAccessorNtNtBd_5types16ResourceUploader17upload_from_local0Bd_
FNDA:1,_RNvMNtNtNtCsi54NA8MzyV0_13orion_variate4addr8accessor4httpNtB2_12HttpAccessor8download
FNDA:1,_RNvXs4_NtNtNtCsi54NA8MzyV0_13orion_variate4addr8accessor4httpNtB5_12HttpAccessorNtNtBb_5types18ResourceDownloader17download_to_local
FNDA:0,_RNvXs5_NtNtNtCsi54NA8MzyV0_13orion_variate4addr8accessor4httpNtB5_12HttpAccessorNtNtBb_5types16ResourceUploader17upload_from_local
FNDA:0,_RINvMNtNtNtCsi54NA8MzyV0_13orion_variate4addr8accessor4httpNtB3_12HttpAccessor6uploadRNtNtCs9QY0sRQ9KnX_3std4path4PathEB9_
FNDA:0,_RNCINvMNtNtNtCsi54NA8MzyV0_13orion_variate4addr8accessor4httpNtB5_12HttpAccessor6uploadRNtNtCs9QY0sRQ9KnX_3std4path4PathE0Bb_
FNDA:0,_RNCNCINvMNtNtNtCsi54NA8MzyV0_13orion_variate4addr8accessor4httpNtB7_12HttpAccessor6uploadRNtNtCs9QY0sRQ9KnX_3std4path4PathE00Bd_
FNDA:1,_RNCNvMNtNtNtCsi54NA8MzyV0_13orion_variate4addr8accessor4httpNtB4_12HttpAccessor8download0Ba_
FNDA:1,_RNCNvXs4_NtNtNtCsi54NA8MzyV0_13orion_variate4addr8accessor4httpNtB7_12HttpAccessorNtNtBd_5types18ResourceDownloader17download_to_local0Bd_
FNDA:0,_RNCNvXs5_NtNtNtCsi54NA8MzyV0_13orion_variate4addr8accessor4httpNtB7_12HttpAccessorNtNtBd_5types16ResourceUploader17upload_from_local0Bd_
FNDA:1,_RNvNtNtNtNtCs4EPYtvAxxn7_13orion_variate4addr8accessor4http5test3s_21test_http_upload_post
FNDA:0,_RNvNtNtNtNtCs4EPYtvAxxn7_13orion_variate4addr8accessor4http5testss_14test_http_addr
FNDA:1,_RNvNtNtNtNtCs4EPYtvAxxn7_13orion_variate4addr8accessor4http5testss_20test_http_upload_put
FNDA:1,_RNvNtNtNtNtCs4EPYtvAxxn7_13orion_variate4addr8accessor4http5testss_21test_http_upload_post
FNDA:1,_RNvNtNtNtNtCs4EPYtvAxxn7_13orion_variate4addr8accessor4http5testss_26test_http_auth_download_no
FNDA:1,_RNvNtNtNtNtCs4EPYtvAxxn7_13orion_variate4addr8accessor4http5testss_37test_http_auth_download_with_redirect
FNDA:1,_RNCNCNvNtNtNtNtCs4EPYtvAxxn7_13orion_variate4addr8accessor4http5test3s_21test_http_upload_post00Bd_
FNDA:1,_RNCNvNtNtNtNtCs4EPYtvAxxn7_13orion_variate4addr8accessor4http5test3s_21test_http_upload_post0Bb_
FNDA:2,_RNvMNtNtNtCs4EPYtvAxxn7_13orion_variate4addr8accessor4httpNtB2_12HttpAccessor8download
FNDA:2,_RNvXs4_NtNtNtCs4EPYtvAxxn7_13orion_variate4addr8accessor4httpNtB5_12HttpAccessorNtNtBb_5types18ResourceDownloader17download_to_local
FNDA:1,_RNvXs5_NtNtNtCs4EPYtvAxxn7_13orion_variate4addr8accessor4httpNtB5_12HttpAccessorNtNtBb_5types16ResourceUploader17upload_from_local
FNDA:1,_RNCNCNvNtNtNtNtCs4EPYtvAxxn7_13orion_variate4addr8accessor4http5testss_20test_http_upload_put00Bd_
FNDA:1,_RNCNCNvNtNtNtNtCs4EPYtvAxxn7_13orion_variate4addr8accessor4http5testss_21test_http_upload_post00Bd_
FNDA:1,_RNCNCNvNtNtNtNtCs4EPYtvAxxn7_13orion_variate4addr8accessor4http5testss_26test_http_auth_download_no00Bd_
FNDA:1,_RNCNCNvNtNtNtNtCs4EPYtvAxxn7_13orion_variate4addr8accessor4http5testss_37test_http_auth_download_with_redirect00Bd_
FNDA:0,_RNCNvNtNtNtNtCs4EPYtvAxxn7_13orion_variate4addr8accessor4http5testss_14test_http_addr0Bb_
FNDA:1,_RNCNvNtNtNtNtCs4EPYtvAxxn7_13orion_variate4addr8accessor4http5testss_20test_http_upload_put0Bb_
FNDA:1,_RNCNvNtNtNtNtCs4EPYtvAxxn7_13orion_variate4addr8accessor4http5testss_21test_http_upload_post0Bb_
FNDA:1,_RNCNvNtNtNtNtCs4EPYtvAxxn7_13orion_variate4addr8accessor4http5testss_26test_http_auth_download_no0Bb_
FNDA:1,_RNCNvNtNtNtNtCs4EPYtvAxxn7_13orion_variate4addr8accessor4http5testss_37test_http_auth_download_with_redirect0Bb_
FNDA:1,_RINvMNtNtNtCs4EPYtvAxxn7_13orion_variate4addr8accessor4httpNtB3_12HttpAccessor6uploadRNtNtCs9QY0sRQ9KnX_3std4path4PathEB9_
FNDA:2,_RINvMNtNtNtCs4EPYtvAxxn7_13orion_variate4addr8accessor4httpNtB3_12HttpAccessor6uploadRNtNtCs9QY0sRQ9KnX_3std4path7PathBufEB9_
FNDA:1,_RNCINvMNtNtNtCs4EPYtvAxxn7_13orion_variate4addr8accessor4httpNtB5_12HttpAccessor6uploadRNtNtCs9QY0sRQ9KnX_3std4path4PathE0Bb_
FNDA:2,_RNCINvMNtNtNtCs4EPYtvAxxn7_13orion_variate4addr8accessor4httpNtB5_12HttpAccessor6uploadRNtNtCs9QY0sRQ9KnX_3std4path7PathBufE0Bb_
FNDA:0,_RNCNCINvMNtNtNtCs4EPYtvAxxn7_13orion_variate4addr8accessor4httpNtB7_12HttpAccessor6uploadRNtNtCs9QY0sRQ9KnX_3std4path4PathE00Bd_
FNDA:0,_RNCNCINvMNtNtNtCs4EPYtvAxxn7_13orion_variate4addr8accessor4httpNtB7_12HttpAccessor6uploadRNtNtCs9QY0sRQ9KnX_3std4path7PathBufE00Bd_
FNDA:2,_RNCNvMNtNtNtCs4EPYtvAxxn7_13orion_variate4addr8accessor4httpNtB4_12HttpAccessor8download0Ba_
FNDA:2,_RNCNvXs4_NtNtNtCs4EPYtvAxxn7_13orion_variate4addr8accessor4httpNtB7_12HttpAccessorNtNtBd_5types18ResourceDownloader17download_to_local0Bd_
FNDA:1,_RNCNvXs5_NtNtNtCs4EPYtvAxxn7_13orion_variate4addr8accessor4httpNtB7_12HttpAccessorNtNtBd_5types16ResourceUploader17upload_from_local0Bd_
FNF:24
FNH:21
DA:26,3
DA:27,3
DA:28,3
DA:29,3
DA:30,3
DA:31,3
DA:33,3
DA:34,3
DA:35,0
DA:37,3
DA:40,3
DA:41,3
DA:42,3
DA:44,3
DA:45,3
DA:46,3
DA:47,3
DA:49,3
DA:51,3
DA:53,3
DA:54,3
DA:55,3
DA:56,3
DA:57,3
DA:59,3
DA:60,3
DA:61,3
DA:62,2
DA:63,2
DA:64,2
DA:65,2
DA:67,1
DA:69,1
DA:72,0
DA:73,0
DA:74,0
DA:78,3
DA:79,3
DA:80,3
DA:82,3
DA:83,3
DA:84,3
DA:85,3
DA:86,3
DA:88,3
DA:89,3
DA:90,3
DA:91,3
DA:92,3
DA:93,3
DA:95,3
DA:96,1
DA:98,2
DA:101,3
DA:102,0
DA:103,0
DA:104,3
DA:105,3
DA:106,0
DA:107,3
DA:108,3
DA:109,3
DA:111,3
DA:112,3
DA:113,3
DA:114,2
DA:115,2
DA:117,3
DA:119,3
DA:120,0
DA:121,0
DA:122,0
DA:123,0
DA:124,0
DA:125,3
DA:127,3
DA:129,3
DA:130,3
DA:131,3
DA:132,3
DA:133,3
DA:136,3
DA:137,3
DA:138,3
DA:139,3
DA:141,3
DA:143,6
DA:144,3
DA:146,3
DA:147,3
DA:150,3
DA:151,3
DA:152,3
DA:162,6
DA:163,3
DA:164,3
DA:165,3
DA:166,3
DA:167,3
DA:168,3
DA:171,0
DA:173,6
DA:183,2
DA:184,1
DA:185,0
DA:186,1
DA:187,1
DA:188,1
DA:189,1
DA:190,1
DA:191,1
DA:193,0
DA:195,1
DA:197,0
DA:199,2
DA:219,1
DA:221,1
DA:222,1
DA:223,1
DA:224,1
DA:225,1
DA:226,1
DA:227,1
DA:228,1
DA:229,1
DA:232,1
DA:233,1
DA:234,1
DA:235,1
DA:236,0
DA:237,1
DA:239,1
DA:242,1
DA:243,1
DA:244,1
DA:245,1
DA:246,1
DA:247,1
DA:248,1
DA:249,1
DA:252,1
DA:253,1
DA:254,2
DA:255,1
DA:258,1
DA:259,1
DA:261,1
DA:262,1
DA:263,1
DA:264,1
DA:265,1
DA:266,1
DA:267,1
DA:268,1
DA:271,1
DA:272,1
DA:273,1
DA:274,1
DA:275,1
DA:276,0
DA:277,1
DA:278,1
DA:279,1
DA:280,1
DA:281,1
DA:282,1
DA:284,1
DA:286,1
DA:287,1
DA:288,1
DA:289,1
DA:290,1
DA:291,1
DA:292,1
DA:293,1
DA:296,1
DA:297,1
DA:298,2
DA:299,1
DA:302,0
DA:303,0
DA:304,0
DA:307,0
DA:309,0
DA:311,0
DA:312,0
DA:313,0
DA:314,0
DA:315,0
DA:316,0
DA:319,1
DA:321,1
DA:322,1
DA:323,1
DA:324,1
DA:325,1
DA:326,1
DA:327,1
DA:328,1
DA:329,1
DA:332,1
DA:333,1
DA:334,1
DA:335,1
DA:336,1
DA:339,1
DA:341,1
DA:343,1
DA:345,1
DA:348,1
DA:349,2
DA:350,1
DA:353,1
DA:355,1
DA:356,1
DA:357,1
DA:358,1
DA:359,1
DA:360,1
DA:361,1
DA:364,1
DA:365,1
DA:366,1
DA:367,1
DA:368,1
DA:371,1
DA:373,1
DA:375,1
DA:377,1
DA:380,1
DA:381,2
DA:382,1
DA:391,1
DA:393,1
DA:394,1
DA:395,1
DA:396,1
DA:397,1
DA:398,1
DA:399,1
DA:400,1
DA:401,1
DA:404,1
DA:405,1
DA:406,1
DA:407,1
DA:408,1
DA:411,1
DA:413,1
DA:415,1
DA:417,1
DA:418,1
DA:419,1
DA:420,1
DA:421,1
DA:422,1
DA:423,1
DA:426,1
DA:427,1
DA:428,2
DA:429,1
BRF:0
BRH:0
LF:281
LH:249
end_of_record
SF:/Users/zuowenjian/devspace/galaxy/orion_variate/src/addr/accessor/local.rs
FN:94,_RNCNCNvXs3_NtNtNtCsi54NA8MzyV0_13orion_variate4addr8accessor5localNtB9_13LocalAccessorNtNtBf_5types16ResourceUploader17upload_from_local00Bf_
FN:120,_RNCNvNtNtNtCsi54NA8MzyV0_13orion_variate4addr8accessor5local11rename_path0B9_
FN:111,_RNCNvNtNtNtCsi54NA8MzyV0_13orion_variate4addr8accessor5local14path_file_name0B9_
FN:70,_RNCNvXs2_NtNtNtCsi54NA8MzyV0_13orion_variate4addr8accessor5localNtB7_13LocalAccessorNtNtBd_5types18ResourceDownloader15download_rename0Bd_
FN:22,_RNCNvXs2_NtNtNtCsi54NA8MzyV0_13orion_variate4addr8accessor5localNtB7_13LocalAccessorNtNtBd_5types18ResourceDownloader17download_to_local0Bd_
FN:83,_RNCNvXs3_NtNtNtCsi54NA8MzyV0_13orion_variate4addr8accessor5localNtB7_13LocalAccessorNtNtBd_5types16ResourceUploader17upload_from_local0Bd_
FN:108,_RNvNtNtNtCsi54NA8MzyV0_13orion_variate4addr8accessor5local14path_file_name
FN:70,_RNvXs2_NtNtNtCsi54NA8MzyV0_13orion_variate4addr8accessor5localNtB5_13LocalAccessorNtNtBb_5types18ResourceDownloader15download_rename
FN:22,_RNvXs2_NtNtNtCsi54NA8MzyV0_13orion_variate4addr8accessor5localNtB5_13LocalAccessorNtNtBb_5types18ResourceDownloader17download_to_local
FN:83,_RNvXs3_NtNtNtCsi54NA8MzyV0_13orion_variate4addr8accessor5localNtB5_13LocalAccessorNtNtBb_5types16ResourceUploader17upload_from_local
FN:108,_RNvNtNtNtCs4EPYtvAxxn7_13orion_variate4addr8accessor5local14path_file_name
FN:70,_RNvXs2_NtNtNtCs4EPYtvAxxn7_13orion_variate4addr8accessor5localNtB5_13LocalAccessorNtNtBb_5types18ResourceDownloader15download_rename
FN:22,_RNvXs2_NtNtNtCs4EPYtvAxxn7_13orion_variate4addr8accessor5localNtB5_13LocalAccessorNtNtBb_5types18ResourceDownloader17download_to_local
FN:83,_RNvXs3_NtNtNtCs4EPYtvAxxn7_13orion_variate4addr8accessor5localNtB5_13LocalAccessorNtNtBb_5types16ResourceUploader17upload_from_local
FN:94,_RNCNCNvXs3_NtNtNtCs4EPYtvAxxn7_13orion_variate4addr8accessor5localNtB9_13LocalAccessorNtNtBf_5types16ResourceUploader17upload_from_local00Bf_
FN:120,_RNCNvNtNtNtCs4EPYtvAxxn7_13orion_variate4addr8accessor5local11rename_path0B9_
FN:111,_RNCNvNtNtNtCs4EPYtvAxxn7_13orion_variate4addr8accessor5local14path_file_name0B9_
FN:70,_RNCNvXs2_NtNtNtCs4EPYtvAxxn7_13orion_variate4addr8accessor5localNtB7_13LocalAccessorNtNtBd_5types18ResourceDownloader15download_rename0Bd_
FN:22,_RNCNvXs2_NtNtNtCs4EPYtvAxxn7_13orion_variate4addr8accessor5localNtB7_13LocalAccessorNtNtBd_5types18ResourceDownloader17download_to_local0Bd_
FN:83,_RNCNvXs3_NtNtNtCs4EPYtvAxxn7_13orion_variate4addr8accessor5localNtB7_13LocalAccessorNtNtBd_5types16ResourceUploader17upload_from_local0Bd_
FN:163,_RNCNvNtNtNtNtCs4EPYtvAxxn7_13orion_variate4addr8accessor5local5testss_10test_local0Bb_
FN:288,_RNCNvNtNtNtNtCs4EPYtvAxxn7_13orion_variate4addr8accessor5local5testss_26test_upload_dir_from_local0Bb_
FN:267,_RNCNvNtNtNtNtCs4EPYtvAxxn7_13orion_variate4addr8accessor5local5testss_27test_upload_file_from_local0Bb_
FN:163,_RNvNtNtNtNtCs4EPYtvAxxn7_13orion_variate4addr8accessor5local5testss_10test_local
FN:288,_RNvNtNtNtNtCs4EPYtvAxxn7_13orion_variate4addr8accessor5local5testss_26test_upload_dir_from_local
FN:267,_RNvNtNtNtNtCs4EPYtvAxxn7_13orion_variate4addr8accessor5local5testss_27test_upload_file_from_local
FN:220,_RNvNtNtNtNtCs4EPYtvAxxn7_13orion_variate4addr8accessor5local5testss_30test_rename_path_dir_new_model
FN:184,_RNvNtNtNtNtCs4EPYtvAxxn7_13orion_variate4addr8accessor5local5testss_31test_rename_path_file_new_model
FN:245,_RNvNtNtNtNtCs4EPYtvAxxn7_13orion_variate4addr8accessor5local5testss_43test_rename_path_dir_overwrite_existing_dir
FN:201,_RNvNtNtNtNtCs4EPYtvAxxn7_13orion_variate4addr8accessor5local5testss_45test_rename_path_file_overwrite_existing_file
FNDA:0,_RNCNCNvXs3_NtNtNtCsi54NA8MzyV0_13orion_variate4addr8accessor5localNtB9_13LocalAccessorNtNtBf_5types16ResourceUploader17upload_from_local00Bf_
FNDA:0,_RNCNvNtNtNtCsi54NA8MzyV0_13orion_variate4addr8accessor5local11rename_path0B9_
FNDA:0,_RNCNvNtNtNtCsi54NA8MzyV0_13orion_variate4addr8accessor5local14path_file_name0B9_
FNDA:0,_RNCNvXs2_NtNtNtCsi54NA8MzyV0_13orion_variate4addr8accessor5localNtB7_13LocalAccessorNtNtBd_5types18ResourceDownloader15download_rename0Bd_
FNDA:0,_RNCNvXs2_NtNtNtCsi54NA8MzyV0_13orion_variate4addr8accessor5localNtB7_13LocalAccessorNtNtBd_5types18ResourceDownloader17download_to_local0Bd_
FNDA:0,_RNCNvXs3_NtNtNtCsi54NA8MzyV0_13orion_variate4addr8accessor5localNtB7_13LocalAccessorNtNtBd_5types16ResourceUploader17upload_from_local0Bd_
FNDA:0,_RNvNtNtNtCsi54NA8MzyV0_13orion_variate4addr8accessor5local14path_file_name
FNDA:0,_RNvXs2_NtNtNtCsi54NA8MzyV0_13orion_variate4addr8accessor5localNtB5_13LocalAccessorNtNtBb_5types18ResourceDownloader15download_rename
FNDA:0,_RNvXs2_NtNtNtCsi54NA8MzyV0_13orion_variate4addr8accessor5localNtB5_13LocalAccessorNtNtBb_5types18ResourceDownloader17download_to_local
FNDA:0,_RNvXs3_NtNtNtCsi54NA8MzyV0_13orion_variate4addr8accessor5localNtB5_13LocalAccessorNtNtBb_5types16ResourceUploader17upload_from_local
FNDA:2,_RNvNtNtNtCs4EPYtvAxxn7_13orion_variate4addr8accessor5local14path_file_name
FNDA:1,_RNvXs2_NtNtNtCs4EPYtvAxxn7_13orion_variate4addr8accessor5localNtB5_13LocalAccessorNtNtBb_5types18ResourceDownloader15download_rename
FNDA:2,_RNvXs2_NtNtNtCs4EPYtvAxxn7_13orion_variate4addr8accessor5localNtB5_13LocalAccessorNtNtBb_5types18ResourceDownloader17download_to_local
FNDA:2,_RNvXs3_NtNtNtCs4EPYtvAxxn7_13orion_variate4addr8accessor5localNtB5_13LocalAccessorNtNtBb_5types16ResourceUploader17upload_from_local
FNDA:1,_RNCNCNvXs3_NtNtNtCs4EPYtvAxxn7_13orion_variate4addr8accessor5localNtB9_13LocalAccessorNtNtBf_5types16ResourceUploader17upload_from_local00Bf_
FNDA:5,_RNCNvNtNtNtCs4EPYtvAxxn7_13orion_variate4addr8accessor5local11rename_path0B9_
FNDA:2,_RNCNvNtNtNtCs4EPYtvAxxn7_13orion_variate4addr8accessor5local14path_file_name0B9_
FNDA:1,_RNCNvXs2_NtNtNtCs4EPYtvAxxn7_13orion_variate4addr8accessor5localNtB7_13LocalAccessorNtNtBd_5types18ResourceDownloader15download_rename0Bd_
FNDA:2,_RNCNvXs2_NtNtNtCs4EPYtvAxxn7_13orion_variate4addr8accessor5localNtB7_13LocalAccessorNtNtBd_5types18ResourceDownloader17download_to_local0Bd_
FNDA:2,_RNCNvXs3_NtNtNtCs4EPYtvAxxn7_13orion_variate4addr8accessor5localNtB7_13LocalAccessorNtNtBd_5types16ResourceUploader17upload_from_local0Bd_
FNDA:1,_RNCNvNtNtNtNtCs4EPYtvAxxn7_13orion_variate4addr8accessor5local5testss_10test_local0Bb_
FNDA:1,_RNCNvNtNtNtNtCs4EPYtvAxxn7_13orion_variate4addr8accessor5local5testss_26test_upload_dir_from_local0Bb_
FNDA:1,_RNCNvNtNtNtNtCs4EPYtvAxxn7_13orion_variate4addr8accessor5local5testss_27test_upload_file_from_local0Bb_
FNDA:1,_RNvNtNtNtNtCs4EPYtvAxxn7_13orion_variate4addr8accessor5local5testss_10test_local
FNDA:1,_RNvNtNtNtNtCs4EPYtvAxxn7_13orion_variate4addr8accessor5local5testss_26test_upload_dir_from_local
FNDA:1,_RNvNtNtNtNtCs4EPYtvAxxn7_13orion_variate4addr8accessor5local5testss_27test_upload_file_from_local
FNDA:1,_RNvNtNtNtNtCs4EPYtvAxxn7_13orion_variate4addr8accessor5local5testss_30test_rename_path_dir_new_model
FNDA:1,_RNvNtNtNtNtCs4EPYtvAxxn7_13orion_variate4addr8accessor5local5testss_31test_rename_path_file_new_model
FNDA:1,_RNvNtNtNtNtCs4EPYtvAxxn7_13orion_variate4addr8accessor5local5testss_43test_rename_path_dir_overwrite_existing_dir
FNDA:1,_RNvNtNtNtNtCs4EPYtvAxxn7_13orion_variate4addr8accessor5local5testss_45test_rename_path_file_overwrite_existing_file
FNF:17
FNH:17
DA:22,4
DA:23,2
DA:24,2
DA:25,0
DA:27,2
DA:28,2
DA:29,2
DA:30,2
DA:31,2
DA:33,2
DA:34,2
DA:35,2
DA:36,2
DA:37,2
DA:48,2
DA:49,0
DA:50,2
DA:51,0
DA:52,0
DA:53,0
DA:56,2
DA:57,2
DA:58,2
DA:60,2
DA:61,2
DA:62,4
DA:70,2
DA:71,1
DA:72,1
DA:73,2
DA:83,4
DA:84,2
DA:85,2
DA:86,0
DA:88,2
DA:89,0
DA:90,2
DA:91,2
DA:92,1
DA:93,1
DA:94,1
DA:95,1
DA:96,1
DA:97,1
DA:98,1
DA:100,1
DA:101,1
DA:102,1
DA:104,2
DA:105,4
DA:108,2
DA:109,2
DA:110,2
DA:111,2
DA:112,2
DA:113,2
DA:114,2
DA:120,5
DA:163,1
DA:164,1
DA:165,1
DA:166,1
DA:167,0
DA:168,1
DA:169,1
DA:170,1
DA:171,1
DA:172,1
DA:173,1
DA:174,1
DA:175,1
DA:176,1
DA:178,1
DA:179,1
DA:180,2
DA:181,1
DA:184,1
DA:186,1
DA:187,1
DA:188,1
DA:191,1
DA:194,1
DA:195,1
DA:196,1
DA:197,1
DA:198,1
DA:201,1
DA:203,1
DA:204,1
DA:205,1
DA:206,1
DA:207,1
DA:210,1
DA:213,1
DA:214,1
DA:215,1
DA:216,1
DA:217,1
DA:220,1
DA:222,1
DA:223,1
DA:224,1
DA:225,1
DA:226,1
DA:228,1
DA:229,1
DA:230,1
DA:231,1
DA:234,1
DA:237,1
DA:238,1
DA:239,1
DA:240,1
DA:241,1
DA:242,1
DA:245,1
DA:247,1
DA:248,1
DA:249,1
DA:250,1
DA:251,1
DA:252,1
DA:253,1
DA:256,1
DA:259,1
DA:260,1
DA:261,1
DA:262,1
DA:263,1
DA:264,1
DA:267,1
DA:268,1
DA:269,1
DA:270,1
DA:271,1
DA:273,1
DA:274,1
DA:275,1
DA:276,1
DA:278,1
DA:279,1
DA:280,1
DA:282,1
DA:283,1
DA:284,2
DA:285,1
DA:288,1
DA:289,1
DA:290,1
DA:291,1
DA:292,1
DA:294,1
DA:295,1
DA:296,1
DA:297,1
DA:299,1
DA:301,1
DA:302,1
DA:303,1
DA:304,1
DA:305,1
DA:307,1
DA:308,1
DA:309,1
DA:310,2
DA:311,1
BRF:0
BRH:0
LF:174
LH:166
end_of_record
SF:/Users/zuowenjian/devspace/galaxy/orion_variate/src/addr/accessor/universal.rs
FN:103,_RNCNvXs7_NtNtNtCs4EPYtvAxxn7_13orion_variate4addr8accessor9universalNtB7_17UniversalAccessorNtNtBd_5types16ResourceUploader17upload_from_local0Bd_
FN:22,_RNvMNtNtNtCs4EPYtvAxxn7_13orion_variate4addr8accessor9universalNtB2_15UniversalConfig13with_redirect
FN:26,_RNvMNtNtNtCs4EPYtvAxxn7_13orion_variate4addr8accessor9universalNtB2_15UniversalConfig18with_redirect_file
FN:75,_RNvMs_NtNtNtCs4EPYtvAxxn7_13orion_variate4addr8accessor9universalNtB4_17UniversalAccessor10config_mut
FN:70,_RNvMs_NtNtNtCs4EPYtvAxxn7_13orion_variate4addr8accessor9universalNtB4_17UniversalAccessor6config
FN:113,_RNvXs0_NtNtNtCs4EPYtvAxxn7_13orion_variate4addr8accessor9universalNtB5_17UniversalAccessorNtNtCsd2KPTObkMr_4core5clone5Clone5clone
FN:103,_RNvXs7_NtNtNtCs4EPYtvAxxn7_13orion_variate4addr8accessor9universalNtB5_17UniversalAccessorNtNtBb_5types16ResourceUploader17upload_from_local
FN:87,_RNCNvXs6_NtNtNtCs4EPYtvAxxn7_13orion_variate4addr8accessor9universalNtB7_17UniversalAccessorNtNtBd_5types18ResourceDownloader17download_to_local0Bd_
FN:133,_RNCNvNtNtNtNtCs4EPYtvAxxn7_13orion_variate4addr8accessor9universal5testss_20test_select_accessor0Bb_
FN:54,_RNvMs_NtNtNtCs4EPYtvAxxn7_13orion_variate4addr8accessor9universalNtB4_17UniversalAccessor3new
FN:87,_RNvXs6_NtNtNtCs4EPYtvAxxn7_13orion_variate4addr8accessor9universalNtB5_17UniversalAccessorNtNtBb_5types18ResourceDownloader17download_to_local
FN:133,_RNvNtNtNtNtCs4EPYtvAxxn7_13orion_variate4addr8accessor9universal5testss_20test_select_accessor
FNDA:0,_RNCNvXs7_NtNtNtCs4EPYtvAxxn7_13orion_variate4addr8accessor9universalNtB7_17UniversalAccessorNtNtBd_5types16ResourceUploader17upload_from_local0Bd_
FNDA:0,_RNvMNtNtNtCs4EPYtvAxxn7_13orion_variate4addr8accessor9universalNtB2_15UniversalConfig13with_redirect
FNDA:0,_RNvMNtNtNtCs4EPYtvAxxn7_13orion_variate4addr8accessor9universalNtB2_15UniversalConfig18with_redirect_file
FNDA:0,_RNvMs_NtNtNtCs4EPYtvAxxn7_13orion_variate4addr8accessor9universalNtB4_17UniversalAccessor10config_mut
FNDA:0,_RNvMs_NtNtNtCs4EPYtvAxxn7_13orion_variate4addr8accessor9universalNtB4_17UniversalAccessor6config
FNDA:0,_RNvXs0_NtNtNtCs4EPYtvAxxn7_13orion_variate4addr8accessor9universalNtB5_17UniversalAccessorNtNtCsd2KPTObkMr_4core5clone5Clone5clone
FNDA:0,_RNvXs7_NtNtNtCs4EPYtvAxxn7_13orion_variate4addr8accessor9universalNtB5_17UniversalAccessorNtNtBb_5types16ResourceUploader17upload_from_local
FNDA:1,_RNCNvXs6_NtNtNtCs4EPYtvAxxn7_13orion_variate4addr8accessor9universalNtB7_17UniversalAccessorNtNtBd_5types18ResourceDownloader17download_to_local0Bd_
FNDA:1,_RNCNvNtNtNtNtCs4EPYtvAxxn7_13orion_variate4addr8accessor9universal5testss_20test_select_accessor0Bb_
FNDA:1,_RNvMs_NtNtNtCs4EPYtvAxxn7_13orion_variate4addr8accessor9universalNtB4_17UniversalAccessor3new
FNDA:1,_RNvXs6_NtNtNtCs4EPYtvAxxn7_13orion_variate4addr8accessor9universalNtB5_17UniversalAccessorNtNtBb_5types18ResourceDownloader17download_to_local
FNDA:1,_RNvNtNtNtNtCs4EPYtvAxxn7_13orion_variate4addr8accessor9universal5testss_20test_select_accessor
FNF:10
FNH:4
DA:22,0
DA:23,0
DA:24,0
DA:25,0
DA:26,0
DA:27,0
DA:28,0
DA:29,0
DA:30,0
DA:31,0
DA:32,0
DA:33,0
DA:36,0
DA:37,0
DA:38,0
DA:54,1
DA:55,1
DA:56,1
DA:57,1
DA:58,1
DA:59,1
DA:61,1
DA:62,1
DA:63,1
DA:64,1
DA:65,1
DA:66,1
DA:67,1
DA:70,0
DA:71,0
DA:72,0
DA:75,0
DA:76,0
DA:77,0
DA:87,2
DA:88,1
DA:89,1
DA:90,0
DA:91,0
DA:93,2
DA:103,0
DA:104,0
DA:105,0
DA:106,0
DA:107,0
DA:109,0
DA:113,0
DA:114,0
DA:115,0
DA:116,0
DA:117,0
DA:118,0
DA:119,0
DA:120,0
DA:133,1
DA:134,1
DA:135,1
DA:137,1
DA:138,1
DA:139,1
DA:140,1
DA:141,1
DA:142,1
DA:143,1
DA:144,1
DA:145,1
DA:146,1
DA:147,1
DA:148,1
DA:149,1
DA:150,1
DA:151,1
DA:152,1
BRF:0
BRH:0
LF:82
LH:45
end_of_record
SF:/Users/zuowenjian/devspace/galaxy/orion_variate/src/addr/constants.rs
FN:220,_RNvNtNtNtCs4EPYtvAxxn7_13orion_variate4addr9constants5testss_18test_env_constants
FN:150,_RNvNtNtNtCs4EPYtvAxxn7_13orion_variate4addr9constants5testss_18test_git_constants
FN:166,_RNvNtNtNtCs4EPYtvAxxn7_13orion_variate4addr9constants5testss_19test_http_constants
FN:194,_RNvNtNtNtCs4EPYtvAxxn7_13orion_variate4addr9constants5testss_20test_local_constants
FN:208,_RNvNtNtNtCs4EPYtvAxxn7_13orion_variate4addr9constants5testss_23test_redirect_constants
FN:236,_RNvNtNtNtCs4EPYtvAxxn7_13orion_variate4addr9constants5testss_25test_constants_are_static
FNDA:1,_RNvNtNtNtCs4EPYtvAxxn7_13orion_variate4addr9constants5testss_18test_env_constants
FNDA:1,_RNvNtNtNtCs4EPYtvAxxn7_13orion_variate4addr9constants5testss_18test_git_constants
FNDA:1,_RNvNtNtNtCs4EPYtvAxxn7_13orion_variate4addr9constants5testss_19test_http_constants
FNDA:1,_RNvNtNtNtCs4EPYtvAxxn7_13orion_variate4addr9constants5testss_20test_local_constants
FNDA:1,_RNvNtNtNtCs4EPYtvAxxn7_13orion_variate4addr9constants5testss_23test_redirect_constants
FNDA:1,_RNvNtNtNtCs4EPYtvAxxn7_13orion_variate4addr9constants5testss_25test_constants_are_static
FNF:6
FNH:6
DA:150,1
DA:151,1
DA:152,1
DA:153,1
DA:154,1
DA:155,1
DA:156,1
DA:157,1
DA:158,1
DA:159,1
DA:160,1
DA:161,1
DA:162,1
DA:163,1
DA:166,1
DA:167,1
DA:168,1
DA:169,1
DA:170,1
DA:171,1
DA:172,1
DA:173,1
DA:174,1
DA:175,1
DA:176,1
DA:177,1
DA:178,1
DA:179,1
DA:180,1
DA:181,1
DA:182,1
DA:183,1
DA:184,1
DA:185,1
DA:186,1
DA:187,1
DA:188,1
DA:189,1
DA:190,1
DA:191,1
DA:194,1
DA:195,1
DA:196,1
DA:197,1
DA:198,1
DA:199,1
DA:200,1
DA:201,1
DA:202,1
DA:205,1
DA:208,1
DA:209,1
DA:210,1
DA:211,1
DA:212,1
DA:213,1
DA:214,1
DA:215,1
DA:216,1
DA:217,1
DA:220,1
DA:221,1
DA:222,1
DA:223,1
DA:224,1
DA:225,1
DA:226,1
DA:227,1
DA:228,1
DA:229,1
DA:230,1
DA:231,1
DA:232,1
DA:233,1
DA:236,1
DA:238,1
DA:239,1
DA:240,1
DA:241,1
DA:242,1
DA:243,1
BRF:0
BRH:0
LF:81
LH:81
end_of_record
SF:/Users/zuowenjian/devspace/galaxy/orion_variate/src/addr/error.rs
FN:14,_RNvXNtNtCsi54NA8MzyV0_13orion_variate4addr5errorNtB2_10AddrReasonNtNtNtCs9J1dCxtZGN5_11orion_error4core6reason9ErrorCode10error_code
FN:14,_RNvXNtNtCs4EPYtvAxxn7_13orion_variate4addr5errorNtB2_10AddrReasonNtNtNtCs9J1dCxtZGN5_11orion_error4core6reason9ErrorCode10error_code
FNDA:0,_RNvXNtNtCsi54NA8MzyV0_13orion_variate4addr5errorNtB2_10AddrReasonNtNtNtCs9J1dCxtZGN5_11orion_error4core6reason9ErrorCode10error_code
FNDA:0,_RNvXNtNtCs4EPYtvAxxn7_13orion_variate4addr5errorNtB2_10AddrReasonNtNtNtCs9J1dCxtZGN5_11orion_error4core6reason9ErrorCode10error_code
FNF:1
FNH:0
DA:14,0
DA:15,0
DA:16,0
DA:17,0
DA:19,0
BRF:0
BRH:0
LF:5
LH:0
end_of_record
SF:/Users/zuowenjian/devspace/galaxy/orion_variate/src/addr/git.rs
FN:105,_RINvMs0_NtNtCsi54NA8MzyV0_13orion_variate4addr3gitNtB6_13GitRepository10with_tokenpEBa_
FN:78,_RINvMs0_NtNtCsi54NA8MzyV0_13orion_variate4addr3gitNtB6_13GitRepository11with_branchpEBa_
FN:95,_RINvMs0_NtNtCsi54NA8MzyV0_13orion_variate4addr3gitNtB6_13GitRepository12with_ssh_keypEBa_
FN:110,_RINvMs0_NtNtCsi54NA8MzyV0_13orion_variate4addr3gitNtB6_13GitRepository13with_usernamepEBa_
FN:143,_RINvMs0_NtNtCsi54NA8MzyV0_13orion_variate4addr3gitNtB6_13GitRepository16with_gitea_tokenpEBa_
FN:127,_RINvMs0_NtNtCsi54NA8MzyV0_13orion_variate4addr3gitNtB6_13GitRepository17with_github_tokenpEBa_
FN:135,_RINvMs0_NtNtCsi54NA8MzyV0_13orion_variate4addr3gitNtB6_13GitRepository17with_gitlab_tokenpEBa_
FN:100,_RINvMs0_NtNtCsi54NA8MzyV0_13orion_variate4addr3gitNtB6_13GitRepository19with_ssh_passphrasepEBa_
FN:86,_RINvMs0_NtNtCsi54NA8MzyV0_13orion_variate4addr3gitNtB6_13GitRepository8with_revpEBa_
FN:70,_RINvMs0_NtNtCsi54NA8MzyV0_13orion_variate4addr3gitNtB6_13GitRepository8with_tagpEBa_
FN:90,_RINvMs0_NtNtCsi54NA8MzyV0_13orion_variate4addr3gitNtB6_13GitRepository9with_pathpEBa_
FN:64,_RINvMs0_NtNtCsi54NA8MzyV0_13orion_variate4addr3gitNtB6_13GitRepository4fromReEBa_
FN:74,_RNvMs0_NtNtCsi54NA8MzyV0_13orion_variate4addr3gitNtB5_13GitRepository12with_opt_tag
FN:153,_RNvMs0_NtNtCsi54NA8MzyV0_13orion_variate4addr3gitNtB5_13GitRepository14with_env_token
FN:115,_RNvMs0_NtNtCsi54NA8MzyV0_13orion_variate4addr3gitNtB5_13GitRepository14with_opt_token
FN:82,_RNvMs0_NtNtCsi54NA8MzyV0_13orion_variate4addr3gitNtB5_13GitRepository15with_opt_branch
FN:120,_RNvMs0_NtNtCsi54NA8MzyV0_13orion_variate4addr3gitNtB5_13GitRepository17with_opt_username
FN:193,_RNvMs0_NtNtCsi54NA8MzyV0_13orion_variate4addr3gitNtB5_13GitRepository20read_git_credentials
FN:180,_RNvMs0_NtNtCsi54NA8MzyV0_13orion_variate4addr3gitNtB5_13GitRepository20with_git_credentials
FN:175,_RNvMs0_NtNtCsi54NA8MzyV0_13orion_variate4addr3gitNtB5_13GitRepository20with_gitea_env_token
FN:161,_RNvMs0_NtNtCsi54NA8MzyV0_13orion_variate4addr3gitNtB5_13GitRepository21with_github_env_token
FN:166,_RNvMs0_NtNtCsi54NA8MzyV0_13orion_variate4addr3gitNtB5_13GitRepository21with_gitlab_env_token
FN:42,_RNvXNtNtCsi54NA8MzyV0_13orion_variate4addr3gitNtB2_13GitRepositoryNtNtCsd2KPTObkMr_4core3cmp9PartialEq2eq
FN:47,_RNvXs_NtNtCsi54NA8MzyV0_13orion_variate4addr3gitNtB4_13GitRepositoryINtNtNtB8_4vars5types11EnvEvalableBK_E8env_eval
FN:105,_RINvMs0_NtNtCs4EPYtvAxxn7_13orion_variate4addr3gitNtB6_13GitRepository10with_tokenpEBa_
FN:95,_RINvMs0_NtNtCs4EPYtvAxxn7_13orion_variate4addr3gitNtB6_13GitRepository12with_ssh_keypEBa_
FN:110,_RINvMs0_NtNtCs4EPYtvAxxn7_13orion_variate4addr3gitNtB6_13GitRepository13with_usernamepEBa_
FN:143,_RINvMs0_NtNtCs4EPYtvAxxn7_13orion_variate4addr3gitNtB6_13GitRepository16with_gitea_tokenpEBa_
FN:127,_RINvMs0_NtNtCs4EPYtvAxxn7_13orion_variate4addr3gitNtB6_13GitRepository17with_github_tokenpEBa_
FN:135,_RINvMs0_NtNtCs4EPYtvAxxn7_13orion_variate4addr3gitNtB6_13GitRepository17with_gitlab_tokenpEBa_
FN:100,_RINvMs0_NtNtCs4EPYtvAxxn7_13orion_variate4addr3gitNtB6_13GitRepository19with_ssh_passphrasepEBa_
FN:86,_RINvMs0_NtNtCs4EPYtvAxxn7_13orion_variate4addr3gitNtB6_13GitRepository8with_revpEBa_
FN:70,_RINvMs0_NtNtCs4EPYtvAxxn7_13orion_variate4addr3gitNtB6_13GitRepository8with_tagpEBa_
FN:74,_RNvMs0_NtNtCs4EPYtvAxxn7_13orion_variate4addr3gitNtB5_13GitRepository12with_opt_tag
FN:115,_RNvMs0_NtNtCs4EPYtvAxxn7_13orion_variate4addr3gitNtB5_13GitRepository14with_opt_token
FN:82,_RNvMs0_NtNtCs4EPYtvAxxn7_13orion_variate4addr3gitNtB5_13GitRepository15with_opt_branch
FN:120,_RNvMs0_NtNtCs4EPYtvAxxn7_13orion_variate4addr3gitNtB5_13GitRepository17with_opt_username
FN:175,_RNvMs0_NtNtCs4EPYtvAxxn7_13orion_variate4addr3gitNtB5_13GitRepository20with_gitea_env_token
FN:161,_RNvMs0_NtNtCs4EPYtvAxxn7_13orion_variate4addr3gitNtB5_13GitRepository21with_github_env_token
FN:166,_RNvMs0_NtNtCs4EPYtvAxxn7_13orion_variate4addr3gitNtB5_13GitRepository21with_gitlab_env_token
FN:42,_RNvXNtNtCs4EPYtvAxxn7_13orion_variate4addr3gitNtB2_13GitRepositoryNtNtCsd2KPTObkMr_4core3cmp9PartialEq2eq
FN:47,_RNvXs_NtNtCs4EPYtvAxxn7_13orion_variate4addr3gitNtB4_13GitRepositoryINtNtNtB8_4vars5types11EnvEvalableBK_E8env_eval
FN:78,_RINvMs0_NtNtCs4EPYtvAxxn7_13orion_variate4addr3gitNtB6_13GitRepository11with_branchReEBa_
FN:64,_RINvMs0_NtNtCs4EPYtvAxxn7_13orion_variate4addr3gitNtB6_13GitRepository4fromReEBa_
FN:90,_RINvMs0_NtNtCs4EPYtvAxxn7_13orion_variate4addr3gitNtB6_13GitRepository9with_pathReEBa_
FN:153,_RNvMs0_NtNtCs4EPYtvAxxn7_13orion_variate4addr3gitNtB5_13GitRepository14with_env_token
FN:193,_RNvMs0_NtNtCs4EPYtvAxxn7_13orion_variate4addr3gitNtB5_13GitRepository20read_git_credentials
FN:180,_RNvMs0_NtNtCs4EPYtvAxxn7_13orion_variate4addr3gitNtB5_13GitRepository20with_git_credentials
FNDA:0,_RINvMs0_NtNtCsi54NA8MzyV0_13orion_variate4addr3gitNtB6_13GitRepository10with_tokenpEBa_
FNDA:0,_RINvMs0_NtNtCsi54NA8MzyV0_13orion_variate4addr3gitNtB6_13GitRepository11with_branchpEBa_
FNDA:0,_RINvMs0_NtNtCsi54NA8MzyV0_13orion_variate4addr3gitNtB6_13GitRepository12with_ssh_keypEBa_
FNDA:0,_RINvMs0_NtNtCsi54NA8MzyV0_13orion_variate4addr3gitNtB6_13GitRepository13with_usernamepEBa_
FNDA:0,_RINvMs0_NtNtCsi54NA8MzyV0_13orion_variate4addr3gitNtB6_13GitRepository16with_gitea_tokenpEBa_
FNDA:0,_RINvMs0_NtNtCsi54NA8MzyV0_13orion_variate4addr3gitNtB6_13GitRepository17with_github_tokenpEBa_
FNDA:0,_RINvMs0_NtNtCsi54NA8MzyV0_13orion_variate4addr3gitNtB6_13GitRepository17with_gitlab_tokenpEBa_
FNDA:0,_RINvMs0_NtNtCsi54NA8MzyV0_13orion_variate4addr3gitNtB6_13GitRepository19with_ssh_passphrasepEBa_
FNDA:0,_RINvMs0_NtNtCsi54NA8MzyV0_13orion_variate4addr3gitNtB6_13GitRepository8with_revpEBa_
FNDA:0,_RINvMs0_NtNtCsi54NA8MzyV0_13orion_variate4addr3gitNtB6_13GitRepository8with_tagpEBa_
FNDA:0,_RINvMs0_NtNtCsi54NA8MzyV0_13orion_variate4addr3gitNtB6_13GitRepository9with_pathpEBa_
FNDA:2,_RINvMs0_NtNtCsi54NA8MzyV0_13orion_variate4addr3gitNtB6_13GitRepository4fromReEBa_
FNDA:0,_RNvMs0_NtNtCsi54NA8MzyV0_13orion_variate4addr3gitNtB5_13GitRepository12with_opt_tag
FNDA:0,_RNvMs0_NtNtCsi54NA8MzyV0_13orion_variate4addr3gitNtB5_13GitRepository14with_env_token
FNDA:0,_RNvMs0_NtNtCsi54NA8MzyV0_13orion_variate4addr3gitNtB5_13GitRepository14with_opt_token
FNDA:0,_RNvMs0_NtNtCsi54NA8MzyV0_13orion_variate4addr3gitNtB5_13GitRepository15with_opt_branch
FNDA:0,_RNvMs0_NtNtCsi54NA8MzyV0_13orion_variate4addr3gitNtB5_13GitRepository17with_opt_username
FNDA:0,_RNvMs0_NtNtCsi54NA8MzyV0_13orion_variate4addr3gitNtB5_13GitRepository20read_git_credentials
FNDA:0,_RNvMs0_NtNtCsi54NA8MzyV0_13orion_variate4addr3gitNtB5_13GitRepository20with_git_credentials
FNDA:0,_RNvMs0_NtNtCsi54NA8MzyV0_13orion_variate4addr3gitNtB5_13GitRepository20with_gitea_env_token
FNDA:0,_RNvMs0_NtNtCsi54NA8MzyV0_13orion_variate4addr3gitNtB5_13GitRepository21with_github_env_token
FNDA:0,_RNvMs0_NtNtCsi54NA8MzyV0_13orion_variate4addr3gitNtB5_13GitRepository21with_gitlab_env_token
FNDA:0,_RNvXNtNtCsi54NA8MzyV0_13orion_variate4addr3gitNtB2_13GitRepositoryNtNtCsd2KPTObkMr_4core3cmp9PartialEq2eq
FNDA:0,_RNvXs_NtNtCsi54NA8MzyV0_13orion_variate4addr3gitNtB4_13GitRepositoryINtNtNtB8_4vars5types11EnvEvalableBK_E8env_eval
FNDA:0,_RINvMs0_NtNtCs4EPYtvAxxn7_13orion_variate4addr3gitNtB6_13GitRepository10with_tokenpEBa_
FNDA:0,_RINvMs0_NtNtCs4EPYtvAxxn7_13orion_variate4addr3gitNtB6_13GitRepository12with_ssh_keypEBa_
FNDA:0,_RINvMs0_NtNtCs4EPYtvAxxn7_13orion_variate4addr3gitNtB6_13GitRepository13with_usernamepEBa_
FNDA:0,_RINvMs0_NtNtCs4EPYtvAxxn7_13orion_variate4addr3gitNtB6_13GitRepository16with_gitea_tokenpEBa_
FNDA:0,_RINvMs0_NtNtCs4EPYtvAxxn7_13orion_variate4addr3gitNtB6_13GitRepository17with_github_tokenpEBa_
FNDA:0,_RINvMs0_NtNtCs4EPYtvAxxn7_13orion_variate4addr3gitNtB6_13GitRepository17with_gitlab_tokenpEBa_
FNDA:0,_RINvMs0_NtNtCs4EPYtvAxxn7_13orion_variate4addr3gitNtB6_13GitRepository19with_ssh_passphrasepEBa_
FNDA:0,_RINvMs0_NtNtCs4EPYtvAxxn7_13orion_variate4addr3gitNtB6_13GitRepository8with_revpEBa_
FNDA:0,_RINvMs0_NtNtCs4EPYtvAxxn7_13orion_variate4addr3gitNtB6_13GitRepository8with_tagpEBa_
FNDA:0,_RNvMs0_NtNtCs4EPYtvAxxn7_13orion_variate4addr3gitNtB5_13GitRepository12with_opt_tag
FNDA:0,_RNvMs0_NtNtCs4EPYtvAxxn7_13orion_variate4addr3gitNtB5_13GitRepository14with_opt_token
FNDA:0,_RNvMs0_NtNtCs4EPYtvAxxn7_13orion_variate4addr3gitNtB5_13GitRepository15with_opt_branch
FNDA:0,_RNvMs0_NtNtCs4EPYtvAxxn7_13orion_variate4addr3gitNtB5_13GitRepository17with_opt_username
FNDA:0,_RNvMs0_NtNtCs4EPYtvAxxn7_13orion_variate4addr3gitNtB5_13GitRepository20with_gitea_env_token
FNDA:0,_RNvMs0_NtNtCs4EPYtvAxxn7_13orion_variate4addr3gitNtB5_13GitRepository21with_github_env_token
FNDA:0,_RNvMs0_NtNtCs4EPYtvAxxn7_13orion_variate4addr3gitNtB5_13GitRepository21with_gitlab_env_token
FNDA:0,_RNvXNtNtCs4EPYtvAxxn7_13orion_variate4addr3gitNtB2_13GitRepositoryNtNtCsd2KPTObkMr_4core3cmp9PartialEq2eq
FNDA:0,_RNvXs_NtNtCs4EPYtvAxxn7_13orion_variate4addr3gitNtB4_13GitRepositoryINtNtNtB8_4vars5types11EnvEvalableBK_E8env_eval
FNDA:4,_RINvMs0_NtNtCs4EPYtvAxxn7_13orion_variate4addr3gitNtB6_13GitRepository11with_branchReEBa_
FNDA:14,_RINvMs0_NtNtCs4EPYtvAxxn7_13orion_variate4addr3gitNtB6_13GitRepository4fromReEBa_
FNDA:1,_RINvMs0_NtNtCs4EPYtvAxxn7_13orion_variate4addr3gitNtB6_13GitRepository9with_pathReEBa_
FNDA:1,_RNvMs0_NtNtCs4EPYtvAxxn7_13orion_variate4addr3gitNtB5_13GitRepository14with_env_token
FNDA:2,_RNvMs0_NtNtCs4EPYtvAxxn7_13orion_variate4addr3gitNtB5_13GitRepository20read_git_credentials
FNDA:1,_RNvMs0_NtNtCs4EPYtvAxxn7_13orion_variate4addr3gitNtB5_13GitRepository20with_git_credentials
FNF:24
FNH:6
DA:42,0
DA:43,0
DA:44,0
DA:47,0
DA:48,0
DA:49,0
DA:50,0
DA:51,0
DA:52,0
DA:53,0
DA:54,0
DA:55,0
DA:56,0
DA:57,0
DA:58,0
DA:59,0
DA:60,0
DA:64,16
DA:65,16
DA:66,16
DA:67,16
DA:68,16
DA:69,16
DA:70,0
DA:71,0
DA:72,0
DA:73,0
DA:74,0
DA:75,0
DA:76,0
DA:77,0
DA:78,4
DA:79,4
DA:80,4
DA:81,4
DA:82,0
DA:83,0
DA:84,0
DA:85,0
DA:86,0
DA:87,0
DA:88,0
DA:89,0
DA:90,1
DA:91,1
DA:92,1
DA:93,1
DA:95,0
DA:96,0
DA:97,0
DA:98,0
DA:100,0
DA:101,0
DA:102,0
DA:103,0
DA:105,0
DA:106,0
DA:107,0
DA:108,0
DA:110,0
DA:111,0
DA:112,0
DA:113,0
DA:115,0
DA:116,0
DA:117,0
DA:118,0
DA:120,0
DA:121,0
DA:122,0
DA:123,0
DA:127,0
DA:128,0
DA:129,0
DA:130,0
DA:131,0
DA:135,0
DA:136,0
DA:137,0
DA:138,0
DA:139,0
DA:143,0
DA:144,0
DA:145,0
DA:146,0
DA:147,0
DA:153,1
DA:154,1
DA:155,0
DA:156,1
DA:157,1
DA:158,1
DA:161,0
DA:162,0
DA:163,0
DA:166,0
DA:167,0
DA:168,0
DA:169,0
DA:170,0
DA:171,0
DA:172,0
DA:175,0
DA:176,0
DA:177,0
DA:180,1
DA:181,1
DA:182,2
DA:183,1
DA:184,0
DA:185,0
DA:186,0
DA:187,1
DA:189,0
DA:190,1
DA:191,1
DA:193,2
DA:197,2
DA:198,2
DA:200,2
DA:201,0
DA:202,2
DA:204,2
DA:205,2
DA:206,2
DA:208,2
DA:210,2
DA:211,2
DA:212,0
DA:213,2
DA:216,2
DA:217,2
DA:218,2
DA:219,2
DA:222,2
DA:225,2
DA:226,2
DA:227,2
DA:228,2
DA:229,2
DA:230,0
DA:232,0
DA:235,2
DA:236,0
DA:238,2
DA:240,2
BRF:0
BRH:0
LF:146
LH:51
end_of_record
SF:/Users/zuowenjian/devspace/galaxy/orion_variate/src/addr/http.rs
FN:46,_RINvMs1_NtNtCsi54NA8MzyV0_13orion_variate4addr4httpNtB6_12HttpResource16with_credentialspEBa_
FN:38,_RINvMs1_NtNtCsi54NA8MzyV0_13orion_variate4addr4httpNtB6_12HttpResource4fromReEBa_
FN:55,_RNCNvNtNtCsi54NA8MzyV0_13orion_variate4addr4http15filename_of_url0B7_
FN:53,_RNvNtNtCsi54NA8MzyV0_13orion_variate4addr4http15filename_of_url
FN:20,_RNvXNtNtCsi54NA8MzyV0_13orion_variate4addr4httpNtB2_12HttpResourceNtNtCsd2KPTObkMr_4core3cmp9PartialEq2eq
FN:28,_RNvXs0_NtNtCsi54NA8MzyV0_13orion_variate4addr4httpNtB5_12HttpResourceINtNtNtB9_4vars5types11EnvEvalableBM_E8env_eval
FN:46,_RINvMs1_NtNtCsi54NA8MzyV0_13orion_variate4addr4httpNtB6_12HttpResource16with_credentialsReECs1EH8KF9dJ6R_9http_test
FN:53,_RNvNtNtCs4EPYtvAxxn7_13orion_variate4addr4http15filename_of_url
FN:20,_RNvXNtNtCs4EPYtvAxxn7_13orion_variate4addr4httpNtB2_12HttpResourceNtNtCsd2KPTObkMr_4core3cmp9PartialEq2eq
FN:28,_RNvXs0_NtNtCs4EPYtvAxxn7_13orion_variate4addr4httpNtB5_12HttpResourceINtNtNtB9_4vars5types11EnvEvalableBM_E8env_eval
FN:46,_RINvMs1_NtNtCs4EPYtvAxxn7_13orion_variate4addr4httpNtB6_12HttpResource16with_credentialsReEBa_
FN:38,_RINvMs1_NtNtCs4EPYtvAxxn7_13orion_variate4addr4httpNtB6_12HttpResource4fromNtNtCs7fnLZwG9eJV_5alloc6string6StringEBa_
FN:38,_RINvMs1_NtNtCs4EPYtvAxxn7_13orion_variate4addr4httpNtB6_12HttpResource4fromReEBa_
FN:55,_RNCNvNtNtCs4EPYtvAxxn7_13orion_variate4addr4http15filename_of_url0B7_
FN:85,_RNvNtNtNtCs4EPYtvAxxn7_13orion_variate4addr4http6tests2s_31test_get_filename_with_fragment
FN:106,_RNvNtNtNtCs4EPYtvAxxn7_13orion_variate4addr4http6tests2s_33test_get_filename_with_empty_path
FN:111,_RNvNtNtNtCs4EPYtvAxxn7_13orion_variate4addr4http6tests2s_34test_get_filename_with_invalid_url
FN:69,_RNvNtNtNtCs4EPYtvAxxn7_13orion_variate4addr4http6tests2s_34test_get_filename_with_regular_url
FN:77,_RNvNtNtNtCs4EPYtvAxxn7_13orion_variate4addr4http6tests2s_35test_get_filename_with_query_params
FN:101,_RNvNtNtNtCs4EPYtvAxxn7_13orion_variate4addr4http6tests2s_37test_get_filename_with_trailing_slash
FN:116,_RNvNtNtNtCs4EPYtvAxxn7_13orion_variate4addr4http6tests2s_41test_get_filename_with_encoded_characters
FN:93,_RNvNtNtNtCs4EPYtvAxxn7_13orion_variate4addr4http6tests2s_45test_get_filename_with_multiple_path_segments
FNDA:0,_RINvMs1_NtNtCsi54NA8MzyV0_13orion_variate4addr4httpNtB6_12HttpResource16with_credentialspEBa_
FNDA:3,_RINvMs1_NtNtCsi54NA8MzyV0_13orion_variate4addr4httpNtB6_12HttpResource4fromReEBa_
FNDA:1,_RNCNvNtNtCsi54NA8MzyV0_13orion_variate4addr4http15filename_of_url0B7_
FNDA:1,_RNvNtNtCsi54NA8MzyV0_13orion_variate4addr4http15filename_of_url
FNDA:0,_RNvXNtNtCsi54NA8MzyV0_13orion_variate4addr4httpNtB2_12HttpResourceNtNtCsd2KPTObkMr_4core3cmp9PartialEq2eq
FNDA:0,_RNvXs0_NtNtCsi54NA8MzyV0_13orion_variate4addr4httpNtB5_12HttpResourceINtNtNtB9_4vars5types11EnvEvalableBM_E8env_eval
FNDA:1,_RINvMs1_NtNtCsi54NA8MzyV0_13orion_variate4addr4httpNtB6_12HttpResource16with_credentialsReECs1EH8KF9dJ6R_9http_test
FNDA:13,_RNvNtNtCs4EPYtvAxxn7_13orion_variate4addr4http15filename_of_url
FNDA:0,_RNvXNtNtCs4EPYtvAxxn7_13orion_variate4addr4httpNtB2_12HttpResourceNtNtCsd2KPTObkMr_4core3cmp9PartialEq2eq
FNDA:0,_RNvXs0_NtNtCs4EPYtvAxxn7_13orion_variate4addr4httpNtB5_12HttpResourceINtNtNtB9_4vars5types11EnvEvalableBM_E8env_eval
FNDA:4,_RINvMs1_NtNtCs4EPYtvAxxn7_13orion_variate4addr4httpNtB6_12HttpResource16with_credentialsReEBa_
FNDA:5,_RINvMs1_NtNtCs4EPYtvAxxn7_13orion_variate4addr4httpNtB6_12HttpResource4fromNtNtCs7fnLZwG9eJV_5alloc6string6StringEBa_
FNDA:6,_RINvMs1_NtNtCs4EPYtvAxxn7_13orion_variate4addr4httpNtB6_12HttpResource4fromReEBa_
FNDA:12,_RNCNvNtNtCs4EPYtvAxxn7_13orion_variate4addr4http15filename_of_url0B7_
FNDA:1,_RNvNtNtNtCs4EPYtvAxxn7_13orion_variate4addr4http6tests2s_31test_get_filename_with_fragment
FNDA:1,_RNvNtNtNtCs4EPYtvAxxn7_13orion_variate4addr4http6tests2s_33test_get_filename_with_empty_path
FNDA:1,_RNvNtNtNtCs4EPYtvAxxn7_13orion_variate4addr4http6tests2s_34test_get_filename_with_invalid_url
FNDA:1,_RNvNtNtNtCs4EPYtvAxxn7_13orion_variate4addr4http6tests2s_34test_get_filename_with_regular_url
FNDA:1,_RNvNtNtNtCs4EPYtvAxxn7_13orion_variate4addr4http6tests2s_35test_get_filename_with_query_params
FNDA:1,_RNvNtNtNtCs4EPYtvAxxn7_13orion_variate4addr4http6tests2s_37test_get_filename_with_trailing_slash
FNDA:1,_RNvNtNtNtCs4EPYtvAxxn7_13orion_variate4addr4http6tests2s_41test_get_filename_with_encoded_characters
FNDA:1,_RNvNtNtNtCs4EPYtvAxxn7_13orion_variate4addr4http6tests2s_45test_get_filename_with_multiple_path_segments
FNF:14
FNH:12
DA:20,0
DA:21,0
DA:22,0
DA:28,0
DA:29,0
DA:30,0
DA:31,0
DA:32,0
DA:33,0
DA:34,0
DA:38,14
DA:39,14
DA:40,14
DA:41,14
DA:42,14
DA:43,14
DA:44,14
DA:46,5
DA:47,5
DA:48,5
DA:49,5
DA:50,5
DA:53,14
DA:54,14
DA:55,13
DA:56,13
DA:57,2
DA:59,11
DA:61,13
DA:62,14
DA:69,1
DA:70,1
DA:71,1
DA:72,1
DA:74,1
DA:77,1
DA:78,1
DA:79,1
DA:80,1
DA:82,1
DA:85,1
DA:86,1
DA:87,1
DA:88,1
DA:90,1
DA:93,1
DA:94,1
DA:95,1
DA:96,1
DA:98,1
DA:101,1
DA:102,1
DA:103,1
DA:106,1
DA:107,1
DA:108,1
DA:111,1
DA:112,1
DA:113,1
DA:116,1
DA:117,1
DA:118,1
DA:119,1
DA:121,1
BRF:0
BRH:0
LF:65
LH:55
end_of_record
SF:/Users/zuowenjian/devspace/galaxy/orion_variate/src/addr/local.rs
FN:12,_RNvXNtNtCsi54NA8MzyV0_13orion_variate4addr5localNtB2_9LocalPathINtNtNtB6_4vars5types11EnvEvalableBK_E8env_eval
FN:19,_RNvXs_NtNtCsi54NA8MzyV0_13orion_variate4addr5localNtB4_9LocalPathINtNtCsd2KPTObkMr_4core7convert4FromReE4from
FN:12,_RNvXNtNtCs4EPYtvAxxn7_13orion_variate4addr5localNtB2_9LocalPathINtNtNtB6_4vars5types11EnvEvalableBK_E8env_eval
FN:19,_RNvXs_NtNtCs4EPYtvAxxn7_13orion_variate4addr5localNtB4_9LocalPathINtNtCsd2KPTObkMr_4core7convert4FromReE4from
FNDA:0,_RNvXNtNtCsi54NA8MzyV0_13orion_variate4addr5localNtB2_9LocalPathINtNtNtB6_4vars5types11EnvEvalableBK_E8env_eval
FNDA:0,_RNvXs_NtNtCsi54NA8MzyV0_13orion_variate4addr5localNtB4_9LocalPathINtNtCsd2KPTObkMr_4core7convert4FromReE4from
FNDA:0,_RNvXNtNtCs4EPYtvAxxn7_13orion_variate4addr5localNtB2_9LocalPathINtNtNtB6_4vars5types11EnvEvalableBK_E8env_eval
FNDA:7,_RNvXs_NtNtCs4EPYtvAxxn7_13orion_variate4addr5localNtB4_9LocalPathINtNtCsd2KPTObkMr_4core7convert4FromReE4from
FNF:2
FNH:1
DA:12,0
DA:13,0
DA:14,0
DA:15,0
DA:16,0
DA:19,7
DA:20,7
DA:21,7
DA:22,7
DA:23,7
BRF:0
BRH:0
LF:10
LH:5
end_of_record
SF:/Users/zuowenjian/devspace/galaxy/orion_variate/src/addr/proxy.rs
FN:30,_RNvMNtNtCsi54NA8MzyV0_13orion_variate4addr5proxyNtB2_11ProxyConfig17from_standard_env
FN:25,_RNvMNtNtCsi54NA8MzyV0_13orion_variate4addr5proxyNtB2_11ProxyConfig8from_env
FN:44,_RNvMNtNtCsi54NA8MzyV0_13orion_variate4addr5proxyNtB2_11ProxyConfig9parse_url
FN:65,_RNvNtNtCsi54NA8MzyV0_13orion_variate4addr5proxy18create_http_client
FN:33,_RNCNvMNtNtCsi54NA8MzyV0_13orion_variate4addr5proxyNtB4_11ProxyConfig17from_standard_env0B8_
FN:35,_RNCNvMNtNtCsi54NA8MzyV0_13orion_variate4addr5proxyNtB4_11ProxyConfig17from_standard_envs0_0B8_
FN:36,_RNCNvMNtNtCsi54NA8MzyV0_13orion_variate4addr5proxyNtB4_11ProxyConfig17from_standard_envs1_0B8_
FN:37,_RNCNvMNtNtCsi54NA8MzyV0_13orion_variate4addr5proxyNtB4_11ProxyConfig17from_standard_envs2_0B8_
FN:34,_RNCNvMNtNtCsi54NA8MzyV0_13orion_variate4addr5proxyNtB4_11ProxyConfig17from_standard_envs_0B8_
FN:26,_RNCNvMNtNtCsi54NA8MzyV0_13orion_variate4addr5proxyNtB4_11ProxyConfig8from_env0B8_
FN:52,_RNCNvMNtNtCsi54NA8MzyV0_13orion_variate4addr5proxyNtB4_11ProxyConfig9parse_url0B8_
FN:55,_RNCNvMNtNtCsi54NA8MzyV0_13orion_variate4addr5proxyNtB4_11ProxyConfig9parse_urls_0B8_
FN:73,_RNCNvNtNtCsi54NA8MzyV0_13orion_variate4addr5proxy18create_http_client0B7_
FN:75,_RNCNvNtNtCsi54NA8MzyV0_13orion_variate4addr5proxy18create_http_clients0_0B7_
FN:76,_RNCNvNtNtCsi54NA8MzyV0_13orion_variate4addr5proxy18create_http_clients1_0B7_
FN:77,_RNCNvNtNtCsi54NA8MzyV0_13orion_variate4addr5proxy18create_http_clients2_0B7_
FN:86,_RNCNvNtNtCsi54NA8MzyV0_13orion_variate4addr5proxy18create_http_clients3_0B7_
FN:74,_RNCNvNtNtCsi54NA8MzyV0_13orion_variate4addr5proxy18create_http_clients_0B7_
FN:149,_RNvNtNtNtCs4EPYtvAxxn7_13orion_variate4addr5proxy5testss_17test_from_env_var
FN:97,_RNvNtNtNtCs4EPYtvAxxn7_13orion_variate4addr5proxy5testss_19test_parse_url_http
FN:105,_RNvNtNtNtCs4EPYtvAxxn7_13orion_variate4addr5proxy5testss_20test_parse_url_https
FN:113,_RNvNtNtNtCs4EPYtvAxxn7_13orion_variate4addr5proxy5testss_21test_parse_url_socks5
FN:135,_RNvNtNtNtCs4EPYtvAxxn7_13orion_variate4addr5proxy5testss_22test_parse_url_invalid
FN:121,_RNvNtNtNtCs4EPYtvAxxn7_13orion_variate4addr5proxy5testss_24test_parse_url_with_auth
FN:141,_RNvNtNtNtCs4EPYtvAxxn7_13orion_variate4addr5proxy5testss_33test_parse_url_unsupported_scheme
FN:30,_RNvMNtNtCs4EPYtvAxxn7_13orion_variate4addr5proxyNtB2_11ProxyConfig17from_standard_env
FN:25,_RNvMNtNtCs4EPYtvAxxn7_13orion_variate4addr5proxyNtB2_11ProxyConfig8from_env
FN:44,_RNvMNtNtCs4EPYtvAxxn7_13orion_variate4addr5proxyNtB2_11ProxyConfig9parse_url
FN:65,_RNvNtNtCs4EPYtvAxxn7_13orion_variate4addr5proxy18create_http_client
FN:33,_RNCNvMNtNtCs4EPYtvAxxn7_13orion_variate4addr5proxyNtB4_11ProxyConfig17from_standard_env0B8_
FN:35,_RNCNvMNtNtCs4EPYtvAxxn7_13orion_variate4addr5proxyNtB4_11ProxyConfig17from_standard_envs0_0B8_
FN:36,_RNCNvMNtNtCs4EPYtvAxxn7_13orion_variate4addr5proxyNtB4_11ProxyConfig17from_standard_envs1_0B8_
FN:37,_RNCNvMNtNtCs4EPYtvAxxn7_13orion_variate4addr5proxyNtB4_11ProxyConfig17from_standard_envs2_0B8_
FN:34,_RNCNvMNtNtCs4EPYtvAxxn7_13orion_variate4addr5proxyNtB4_11ProxyConfig17from_standard_envs_0B8_
FN:26,_RNCNvMNtNtCs4EPYtvAxxn7_13orion_variate4addr5proxyNtB4_11ProxyConfig8from_env0B8_
FN:52,_RNCNvMNtNtCs4EPYtvAxxn7_13orion_variate4addr5proxyNtB4_11ProxyConfig9parse_url0B8_
FN:55,_RNCNvMNtNtCs4EPYtvAxxn7_13orion_variate4addr5proxyNtB4_11ProxyConfig9parse_urls_0B8_
FN:73,_RNCNvNtNtCs4EPYtvAxxn7_13orion_variate4addr5proxy18create_http_client0B7_
FN:75,_RNCNvNtNtCs4EPYtvAxxn7_13orion_variate4addr5proxy18create_http_clients0_0B7_
FN:76,_RNCNvNtNtCs4EPYtvAxxn7_13orion_variate4addr5proxy18create_http_clients1_0B7_
FN:77,_RNCNvNtNtCs4EPYtvAxxn7_13orion_variate4addr5proxy18create_http_clients2_0B7_
FN:86,_RNCNvNtNtCs4EPYtvAxxn7_13orion_variate4addr5proxy18create_http_clients3_0B7_
FN:74,_RNCNvNtNtCs4EPYtvAxxn7_13orion_variate4addr5proxy18create_http_clients_0B7_
FNDA:1,_RNvMNtNtCsi54NA8MzyV0_13orion_variate4addr5proxyNtB2_11ProxyConfig17from_standard_env
FNDA:0,_RNvMNtNtCsi54NA8MzyV0_13orion_variate4addr5proxyNtB2_11ProxyConfig8from_env
FNDA:0,_RNvMNtNtCsi54NA8MzyV0_13orion_variate4addr5proxyNtB2_11ProxyConfig9parse_url
FNDA:1,_RNvNtNtCsi54NA8MzyV0_13orion_variate4addr5proxy18create_http_client
FNDA:1,_RNCNvMNtNtCsi54NA8MzyV0_13orion_variate4addr5proxyNtB4_11ProxyConfig17from_standard_env0B8_
FNDA:1,_RNCNvMNtNtCsi54NA8MzyV0_13orion_variate4addr5proxyNtB4_11ProxyConfig17from_standard_envs0_0B8_
FNDA:1,_RNCNvMNtNtCsi54NA8MzyV0_13orion_variate4addr5proxyNtB4_11ProxyConfig17from_standard_envs1_0B8_
FNDA:1,_RNCNvMNtNtCsi54NA8MzyV0_13orion_variate4addr5proxyNtB4_11ProxyConfig17from_standard_envs2_0B8_
FNDA:1,_RNCNvMNtNtCsi54NA8MzyV0_13orion_variate4addr5proxyNtB4_11ProxyConfig17from_standard_envs_0B8_
FNDA:0,_RNCNvMNtNtCsi54NA8MzyV0_13orion_variate4addr5proxyNtB4_11ProxyConfig8from_env0B8_
FNDA:0,_RNCNvMNtNtCsi54NA8MzyV0_13orion_variate4addr5proxyNtB4_11ProxyConfig9parse_url0B8_
FNDA:0,_RNCNvMNtNtCsi54NA8MzyV0_13orion_variate4addr5proxyNtB4_11ProxyConfig9parse_urls_0B8_
FNDA:1,_RNCNvNtNtCsi54NA8MzyV0_13orion_variate4addr5proxy18create_http_client0B7_
FNDA:1,_RNCNvNtNtCsi54NA8MzyV0_13orion_variate4addr5proxy18create_http_clients0_0B7_
FNDA:1,_RNCNvNtNtCsi54NA8MzyV0_13orion_variate4addr5proxy18create_http_clients1_0B7_
FNDA:1,_RNCNvNtNtCsi54NA8MzyV0_13orion_variate4addr5proxy18create_http_clients2_0B7_
FNDA:0,_RNCNvNtNtCsi54NA8MzyV0_13orion_variate4addr5proxy18create_http_clients3_0B7_
FNDA:1,_RNCNvNtNtCsi54NA8MzyV0_13orion_variate4addr5proxy18create_http_clients_0B7_
FNDA:1,_RNvNtNtNtCs4EPYtvAxxn7_13orion_variate4addr5proxy5testss_17test_from_env_var
FNDA:1,_RNvNtNtNtCs4EPYtvAxxn7_13orion_variate4addr5proxy5testss_19test_parse_url_http
FNDA:1,_RNvNtNtNtCs4EPYtvAxxn7_13orion_variate4addr5proxy5testss_20test_parse_url_https
FNDA:1,_RNvNtNtNtCs4EPYtvAxxn7_13orion_variate4addr5proxy5testss_21test_parse_url_socks5
FNDA:1,_RNvNtNtNtCs4EPYtvAxxn7_13orion_variate4addr5proxy5testss_22test_parse_url_invalid
FNDA:1,_RNvNtNtNtCs4EPYtvAxxn7_13orion_variate4addr5proxy5testss_24test_parse_url_with_auth
FNDA:1,_RNvNtNtNtCs4EPYtvAxxn7_13orion_variate4addr5proxy5testss_33test_parse_url_unsupported_scheme
FNDA:1,_RNvMNtNtCs4EPYtvAxxn7_13orion_variate4addr5proxyNtB2_11ProxyConfig17from_standard_env
FNDA:1,_RNvMNtNtCs4EPYtvAxxn7_13orion_variate4addr5proxyNtB2_11ProxyConfig8from_env
FNDA:6,_RNvMNtNtCs4EPYtvAxxn7_13orion_variate4addr5proxyNtB2_11ProxyConfig9parse_url
FNDA:5,_RNvNtNtCs4EPYtvAxxn7_13orion_variate4addr5proxy18create_http_client
FNDA:1,_RNCNvMNtNtCs4EPYtvAxxn7_13orion_variate4addr5proxyNtB4_11ProxyConfig17from_standard_env0B8_
FNDA:1,_RNCNvMNtNtCs4EPYtvAxxn7_13orion_variate4addr5proxyNtB4_11ProxyConfig17from_standard_envs0_0B8_
FNDA:1,_RNCNvMNtNtCs4EPYtvAxxn7_13orion_variate4addr5proxyNtB4_11ProxyConfig17from_standard_envs1_0B8_
FNDA:1,_RNCNvMNtNtCs4EPYtvAxxn7_13orion_variate4addr5proxyNtB4_11ProxyConfig17from_standard_envs2_0B8_
FNDA:1,_RNCNvMNtNtCs4EPYtvAxxn7_13orion_variate4addr5proxyNtB4_11ProxyConfig17from_standard_envs_0B8_
FNDA:0,_RNCNvMNtNtCs4EPYtvAxxn7_13orion_variate4addr5proxyNtB4_11ProxyConfig8from_env0B8_
FNDA:1,_RNCNvMNtNtCs4EPYtvAxxn7_13orion_variate4addr5proxyNtB4_11ProxyConfig9parse_url0B8_
FNDA:1,_RNCNvMNtNtCs4EPYtvAxxn7_13orion_variate4addr5proxyNtB4_11ProxyConfig9parse_urls_0B8_
FNDA:5,_RNCNvNtNtCs4EPYtvAxxn7_13orion_variate4addr5proxy18create_http_client0B7_
FNDA:5,_RNCNvNtNtCs4EPYtvAxxn7_13orion_variate4addr5proxy18create_http_clients0_0B7_
FNDA:5,_RNCNvNtNtCs4EPYtvAxxn7_13orion_variate4addr5proxy18create_http_clients1_0B7_
FNDA:5,_RNCNvNtNtCs4EPYtvAxxn7_13orion_variate4addr5proxy18create_http_clients2_0B7_
FNDA:0,_RNCNvNtNtCs4EPYtvAxxn7_13orion_variate4addr5proxy18create_http_clients3_0B7_
FNDA:5,_RNCNvNtNtCs4EPYtvAxxn7_13orion_variate4addr5proxy18create_http_clients_0B7_
FNF:25
FNH:23
DA:25,1
DA:26,1
DA:27,1
DA:30,2
DA:32,2
DA:33,2
DA:34,2
DA:35,2
DA:36,2
DA:37,2
DA:38,2
DA:40,0
DA:41,2
DA:44,6
DA:45,6
DA:46,5
DA:47,5
DA:48,2
DA:49,1
DA:51,5
DA:52,5
DA:55,5
DA:57,5
DA:58,5
DA:59,5
DA:60,5
DA:61,5
DA:62,6
DA:65,6
DA:66,6
DA:67,6
DA:68,6
DA:69,6
DA:72,6
DA:73,6
DA:74,6
DA:75,6
DA:76,6
DA:77,6
DA:79,0
DA:80,0
DA:81,0
DA:82,0
DA:84,6
DA:86,6
DA:87,0
DA:88,0
DA:89,0
DA:90,6
DA:97,1
DA:98,1
DA:99,1
DA:100,1
DA:101,1
DA:102,1
DA:105,1
DA:106,1
DA:107,1
DA:108,1
DA:109,1
DA:110,1
DA:113,1
DA:114,1
DA:115,1
DA:116,1
DA:117,1
DA:118,1
DA:121,1
DA:122,1
DA:123,1
DA:124,1
DA:127,1
DA:129,1
DA:130,1
DA:131,1
DA:132,1
DA:135,1
DA:136,1
DA:137,1
DA:138,1
DA:141,1
DA:142,1
DA:144,1
DA:145,1
DA:146,1
DA:149,1
DA:151,1
DA:153,1
DA:154,1
BRF:0
BRH:0
LF:103
LH:93
end_of_record
SF:/Users/zuowenjian/devspace/galaxy/orion_variate/src/addr/redirect/auth.rs
FN:18,_RNvMNtNtNtCsi54NA8MzyV0_13orion_variate4addr8redirect4authNtB2_10AuthConfig12make_example
FN:26,_RNvXs_NtNtNtCsi54NA8MzyV0_13orion_variate4addr8redirect4authNtB4_10AuthConfigINtNtNtBa_4vars5types11EnvEvalableBW_E8env_eval
FN:12,_RINvMNtNtNtCsi54NA8MzyV0_13orion_variate4addr8redirect4authNtB3_10AuthConfig3newNtNtCs7fnLZwG9eJV_5alloc6string6StringEB9_
FN:18,_RNvMNtNtNtCs4EPYtvAxxn7_13orion_variate4addr8redirect4authNtB2_10AuthConfig12make_example
FN:26,_RNvXs_NtNtNtCs4EPYtvAxxn7_13orion_variate4addr8redirect4authNtB4_10AuthConfigINtNtNtBa_4vars5types11EnvEvalableBW_E8env_eval
[...]
FN:75,_RNvMs4_NtNtCs4EPYtvAxxn7_13orion_variate4vars6originNtB5_10OriginDict3new
FN:91,_RNvMs4_NtNtCs4EPYtvAxxn7_13orion_variate4vars6originNtB5_10OriginDict5merge
FN:11,_RNvXNtNtCs4EPYtvAxxn7_13orion_variate4vars6originINtNtCsa4iSugbROtN_8indexmap3map8IndexMapNtNtCs7fnLZwG9eJV_5alloc6string6StringNtB2_11OriginValueEINtNtB4_5types11EnvEvalableBL_E8env_eval
FN:42,_RNvXs0_NtNtCs4EPYtvAxxn7_13orion_variate4vars6originNtB5_11OriginValueINtNtCsd2KPTObkMr_4core7convert4FromNtNtB7_5types9ValueTypeE4from
FN:50,_RNvXs1_NtNtCs4EPYtvAxxn7_13orion_variate4vars6originNtB5_11OriginValueINtNtCsd2KPTObkMr_4core7convert4FromReE4from
FN:65,_RNvXs3_NtNtCs4EPYtvAxxn7_13orion_variate4vars6originNtB5_10OriginDictINtNtCsd2KPTObkMr_4core7convert4FromNtNtB7_4dict9ValueDictE4from
FN:28,_RNvXs_NtNtCs4EPYtvAxxn7_13orion_variate4vars6originNtB4_11OriginValueINtNtB6_5types11EnvEvalableBN_E8env_eval
FNDA:0,_RNvMs4_NtNtCsi54NA8MzyV0_13orion_variate4vars6originNtB5_10OriginDict11export_dict
FNDA:0,_RNvMs4_NtNtCsi54NA8MzyV0_13orion_variate4vars6originNtB5_10OriginDict12export_value
FNDA:0,_RNvMs4_NtNtCsi54NA8MzyV0_13orion_variate4vars6originNtB5_10OriginDict13export_origin
FNDA:0,_RNvMs4_NtNtCsi54NA8MzyV0_13orion_variate4vars6originNtB5_10OriginDict3new
FNDA:0,_RNvMs4_NtNtCsi54NA8MzyV0_13orion_variate4vars6originNtB5_10OriginDict5merge
FNDA:0,_RNvXs0_NtNtCsi54NA8MzyV0_13orion_variate4vars6originNtB5_11OriginValueINtNtCsd2KPTObkMr_4core7convert4FromNtNtB7_5types9ValueTypeE4from
FNDA:0,_RNvXs1_NtNtCsi54NA8MzyV0_13orion_variate4vars6originNtB5_11OriginValueINtNtCsd2KPTObkMr_4core7convert4FromReE4from
FNDA:0,_RNvXs3_NtNtCsi54NA8MzyV0_13orion_variate4vars6originNtB5_10OriginDictINtNtCsd2KPTObkMr_4core7convert4FromNtNtB7_4dict9ValueDictE4from
FNDA:0,_RNvXs_NtNtCsi54NA8MzyV0_13orion_variate4vars6originNtB4_11OriginValueINtNtB6_5types11EnvEvalableBN_E8env_eval
FNDA:0,_RINvMs2_NtNtCsi54NA8MzyV0_13orion_variate4vars6originNtB6_11OriginValue11with_originpEBa_
FNDA:0,_RINvMs4_NtNtCsi54NA8MzyV0_13orion_variate4vars6originNtB6_10OriginDict10set_sourcepEBa_
FNDA:0,_RINvMs4_NtNtCsi54NA8MzyV0_13orion_variate4vars6originNtB6_10OriginDict6insertpEBa_
FNDA:0,_RNvXNtNtCsi54NA8MzyV0_13orion_variate4vars6originINtNtCsa4iSugbROtN_8indexmap3map8IndexMapNtNtCs7fnLZwG9eJV_5alloc6string6StringNtB2_11OriginValueEINtNtB4_5types11EnvEvalableBL_E8env_eval
FNDA:0,_RINvMs2_NtNtCs4EPYtvAxxn7_13orion_variate4vars6originNtB6_11OriginValue11with_originpEBa_
FNDA:0,_RINvMs4_NtNtCs4EPYtvAxxn7_13orion_variate4vars6originNtB6_10OriginDict10set_sourcepEBa_
FNDA:0,_RINvMs4_NtNtCs4EPYtvAxxn7_13orion_variate4vars6originNtB6_10OriginDict6insertpEBa_
FNDA:0,_RNvMs4_NtNtCs4EPYtvAxxn7_13orion_variate4vars6originNtB5_10OriginDict11export_dict
FNDA:0,_RNvMs4_NtNtCs4EPYtvAxxn7_13orion_variate4vars6originNtB5_10OriginDict12export_value
FNDA:0,_RNvMs4_NtNtCs4EPYtvAxxn7_13orion_variate4vars6originNtB5_10OriginDict13export_origin
FNDA:0,_RNvMs4_NtNtCs4EPYtvAxxn7_13orion_variate4vars6originNtB5_10OriginDict3new
FNDA:0,_RNvMs4_NtNtCs4EPYtvAxxn7_13orion_variate4vars6originNtB5_10OriginDict5merge
FNDA:0,_RNvXNtNtCs4EPYtvAxxn7_13orion_variate4vars6originINtNtCsa4iSugbROtN_8indexmap3map8IndexMapNtNtCs7fnLZwG9eJV_5alloc6string6StringNtB2_11OriginValueEINtNtB4_5types11EnvEvalableBL_E8env_eval
FNDA:0,_RNvXs0_NtNtCs4EPYtvAxxn7_13orion_variate4vars6originNtB5_11OriginValueINtNtCsd2KPTObkMr_4core7convert4FromNtNtB7_5types9ValueTypeE4from
FNDA:0,_RNvXs1_NtNtCs4EPYtvAxxn7_13orion_variate4vars6originNtB5_11OriginValueINtNtCsd2KPTObkMr_4core7convert4FromReE4from
FNDA:0,_RNvXs3_NtNtCs4EPYtvAxxn7_13orion_variate4vars6originNtB5_10OriginDictINtNtCsd2KPTObkMr_4core7convert4FromNtNtB7_4dict9ValueDictE4from
FNDA:0,_RNvXs_NtNtCs4EPYtvAxxn7_13orion_variate4vars6originNtB4_11OriginValueINtNtB6_5types11EnvEvalableBN_E8env_eval
FNF:13
FNH:0
DA:11,0
DA:12,0
DA:13,0
DA:14,0
DA:15,0
DA:16,0
DA:17,0
DA:18,0
DA:28,0
DA:29,0
DA:30,0
DA:31,0
DA:32,0
DA:33,0
DA:42,0
DA:43,0
DA:44,0
DA:45,0
DA:46,0
DA:47,0
DA:50,0
DA:51,0
DA:52,0
DA:53,0
DA:54,0
DA:55,0
DA:58,0
DA:59,0
DA:60,0
DA:61,0
DA:65,0
DA:66,0
DA:67,0
DA:68,0
DA:69,0
DA:70,0
DA:71,0
DA:75,0
DA:76,0
DA:77,0
DA:78,0
DA:79,0
DA:81,0
DA:82,0
DA:83,0
DA:84,0
DA:85,0
DA:86,0
DA:87,0
DA:88,0
DA:90,0
DA:91,0
DA:92,0
DA:93,0
DA:94,0
DA:95,0
DA:97,0
DA:98,0
DA:99,0
DA:100,0
DA:101,0
DA:102,0
DA:103,0
DA:104,0
DA:105,0
DA:106,0
DA:107,0
DA:108,0
DA:109,0
DA:110,0
DA:111,0
DA:112,0
DA:113,0
DA:114,0
BRF:0
BRH:0
LF:74
LH:0
end_of_record
SF:/Users/zuowenjian/devspace/galaxy/orion_variate/src/vars/parse/base.rs
FN:39,_RNvNtNtNtCsi54NA8MzyV0_13orion_variate4vars5parse4base10take_float
FN:68,_RNvNtNtNtCsi54NA8MzyV0_13orion_variate4vars5parse4base11gal_raw_str
FN:29,_RNvNtNtNtCsi54NA8MzyV0_13orion_variate4vars5parse4base11take_number
FN:12,_RNvNtNtNtCsi54NA8MzyV0_13orion_variate4vars5parse4base11take_string
FN:8,_RNvNtNtNtCsi54NA8MzyV0_13orion_variate4vars5parse4base7wn_desc
FN:56,_RNvNtNtNtCsi54NA8MzyV0_13orion_variate4vars5parse4base9take_bool
FN:15,_RNCNvNtNtNtCsi54NA8MzyV0_13orion_variate4vars5parse4base11take_string0B9_
FN:147,_RNvNtNtNtNtCs4EPYtvAxxn7_13orion_variate4vars5parse4base5testss_15test_take_float
FN:85,_RNvNtNtNtNtCs4EPYtvAxxn7_13orion_variate4vars5parse4base5testss_16test_take_string
FN:114,_RNvNtNtNtNtCs4EPYtvAxxn7_13orion_variate4vars5parse4base5testss_19test_gal_raw_string
FN:15,_RNCNvNtNtNtCs4EPYtvAxxn7_13orion_variate4vars5parse4base11take_string0B9_
FN:8,_RNvNtNtNtCs4EPYtvAxxn7_13orion_variate4vars5parse4base7wn_desc
FN:39,_RNvNtNtNtCs4EPYtvAxxn7_13orion_variate4vars5parse4base10take_float
FN:68,_RNvNtNtNtCs4EPYtvAxxn7_13orion_variate4vars5parse4base11gal_raw_str
FN:29,_RNvNtNtNtCs4EPYtvAxxn7_13orion_variate4vars5parse4base11take_number
FN:12,_RNvNtNtNtCs4EPYtvAxxn7_13orion_variate4vars5parse4base11take_string
FN:56,_RNvNtNtNtCs4EPYtvAxxn7_13orion_variate4vars5parse4base9take_bool
FNDA:0,_RNvNtNtNtCsi54NA8MzyV0_13orion_variate4vars5parse4base10take_float
FNDA:0,_RNvNtNtNtCsi54NA8MzyV0_13orion_variate4vars5parse4base11gal_raw_str
FNDA:0,_RNvNtNtNtCsi54NA8MzyV0_13orion_variate4vars5parse4base11take_number
FNDA:0,_RNvNtNtNtCsi54NA8MzyV0_13orion_variate4vars5parse4base11take_string
FNDA:0,_RNvNtNtNtCsi54NA8MzyV0_13orion_variate4vars5parse4base7wn_desc
FNDA:0,_RNvNtNtNtCsi54NA8MzyV0_13orion_variate4vars5parse4base9take_bool
FNDA:0,_RNCNvNtNtNtCsi54NA8MzyV0_13orion_variate4vars5parse4base11take_string0B9_
FNDA:1,_RNvNtNtNtNtCs4EPYtvAxxn7_13orion_variate4vars5parse4base5testss_15test_take_float
FNDA:1,_RNvNtNtNtNtCs4EPYtvAxxn7_13orion_variate4vars5parse4base5testss_16test_take_string
FNDA:1,_RNvNtNtNtNtCs4EPYtvAxxn7_13orion_variate4vars5parse4base5testss_19test_gal_raw_string
FNDA:104,_RNCNvNtNtNtCs4EPYtvAxxn7_13orion_variate4vars5parse4base11take_string0B9_
FNDA:70,_RNvNtNtNtCs4EPYtvAxxn7_13orion_variate4vars5parse4base7wn_desc
FNDA:21,_RNvNtNtNtCs4EPYtvAxxn7_13orion_variate4vars5parse4base10take_float
FNDA:12,_RNvNtNtNtCs4EPYtvAxxn7_13orion_variate4vars5parse4base11gal_raw_str
FNDA:14,_RNvNtNtNtCs4EPYtvAxxn7_13orion_variate4vars5parse4base11take_number
FNDA:35,_RNvNtNtNtCs4EPYtvAxxn7_13orion_variate4vars5parse4base11take_string
FNDA:18,_RNvNtNtNtCs4EPYtvAxxn7_13orion_variate4vars5parse4base9take_bool
FNF:10
FNH:10
DA:8,70
DA:9,70
DA:10,70
DA:12,35
DA:14,35
DA:15,104
DA:17,35
DA:20,35
DA:21,35
DA:22,35
DA:23,35
DA:24,35
DA:25,35
DA:26,35
DA:27,35
DA:29,14
DA:31,14
DA:32,14
DA:33,14
DA:34,9
DA:35,9
DA:36,0
DA:37,0
DA:38,14
DA:39,21
DA:41,21
DA:42,21
DA:43,21
DA:44,15
DA:45,5
DA:46,5
DA:47,5
DA:49,4
DA:50,4
DA:51,4
DA:52,0
DA:53,0
DA:54,21
DA:56,18
DA:57,18
DA:58,18
DA:59,18
DA:60,18
DA:61,18
DA:63,18
DA:64,18
DA:68,12
DA:69,12
DA:70,12
DA:71,12
DA:72,12
DA:73,12
DA:74,12
DA:75,12
DA:76,12
DA:77,12
DA:85,1
DA:87,1
DA:88,1
DA:95,1
DA:96,1
DA:97,1
DA:98,1
DA:101,1
DA:102,1
DA:105,1
DA:106,1
DA:109,1
DA:110,1
DA:111,1
DA:114,1
DA:115,1
DA:116,1
DA:117,1
DA:118,1
DA:120,1
DA:121,1
DA:122,1
DA:125,1
DA:126,1
DA:127,1
DA:128,1
DA:131,1
DA:132,1
DA:135,1
DA:136,1
DA:138,1
DA:139,1
DA:141,1
DA:142,1
DA:143,1
DA:144,1
DA:147,1
DA:149,1
DA:150,1
DA:151,1
DA:154,1
DA:155,1
DA:158,1
DA:159,1
DA:162,1
DA:163,1
DA:166,1
DA:167,1
DA:170,1
DA:171,1
DA:173,1
DA:174,1
BRF:0
BRH:0
LF:109
LH:105
end_of_record
SF:/Users/zuowenjian/devspace/galaxy/orion_variate/src/vars/parse/value.rs
FN:72,_RNCNvNtNtNtCsi54NA8MzyV0_13orion_variate4vars5parse5value14take_value_map0B9_
FN:24,_RNvNtNtNtCsi54NA8MzyV0_13orion_variate4vars5parse5value10take_value
FN:47,_RNvNtNtNtCsi54NA8MzyV0_13orion_variate4vars5parse5value14take_obj_value
FN:63,_RNvNtNtNtCsi54NA8MzyV0_13orion_variate4vars5parse5value14take_value_map
FN:54,_RNvNtNtNtCsi54NA8MzyV0_13orion_variate4vars5parse5value14take_value_vec
FN:51,_RNvNtNtNtCsi54NA8MzyV0_13orion_variate4vars5parse5value14take_vec_value
FN:31,_RNvNtNtNtCsi54NA8MzyV0_13orion_variate4vars5parse5value15gal_named_value
FN:13,_RNvNtNtNtCsi54NA8MzyV0_13orion_variate4vars5parse5value16gal_simple_value
FN:72,_RNCNvNtNtNtCs4EPYtvAxxn7_13orion_variate4vars5parse5value14take_value_map0B9_
FN:86,_RNvNtNtNtNtCs4EPYtvAxxn7_13orion_variate4vars5parse5value5testss_19test_take_obj_value
FN:132,_RNvNtNtNtNtCs4EPYtvAxxn7_13orion_variate4vars5parse5value5testss_19test_take_value_vec
FN:24,_RNvNtNtNtCs4EPYtvAxxn7_13orion_variate4vars5parse5value10take_value
FN:47,_RNvNtNtNtCs4EPYtvAxxn7_13orion_variate4vars5parse5value14take_obj_value
FN:63,_RNvNtNtNtCs4EPYtvAxxn7_13orion_variate4vars5parse5value14take_value_map
FN:54,_RNvNtNtNtCs4EPYtvAxxn7_13orion_variate4vars5parse5value14take_value_vec
FN:51,_RNvNtNtNtCs4EPYtvAxxn7_13orion_variate4vars5parse5value14take_vec_value
FN:31,_RNvNtNtNtCs4EPYtvAxxn7_13orion_variate4vars5parse5value15gal_named_value
FN:13,_RNvNtNtNtCs4EPYtvAxxn7_13orion_variate4vars5parse5value16gal_simple_value
FNDA:0,_RNCNvNtNtNtCsi54NA8MzyV0_13orion_variate4vars5parse5value14take_value_map0B9_
FNDA:0,_RNvNtNtNtCsi54NA8MzyV0_13orion_variate4vars5parse5value10take_value
FNDA:0,_RNvNtNtNtCsi54NA8MzyV0_13orion_variate4vars5parse5value14take_obj_value
FNDA:0,_RNvNtNtNtCsi54NA8MzyV0_13orion_variate4vars5parse5value14take_value_map
FNDA:0,_RNvNtNtNtCsi54NA8MzyV0_13orion_variate4vars5parse5value14take_value_vec
FNDA:0,_RNvNtNtNtCsi54NA8MzyV0_13orion_variate4vars5parse5value14take_vec_value
FNDA:0,_RNvNtNtNtCsi54NA8MzyV0_13orion_variate4vars5parse5value15gal_named_value
FNDA:0,_RNvNtNtNtCsi54NA8MzyV0_13orion_variate4vars5parse5value16gal_simple_value
FNDA:8,_RNCNvNtNtNtCs4EPYtvAxxn7_13orion_variate4vars5parse5value14take_value_map0B9_
FNDA:1,_RNvNtNtNtNtCs4EPYtvAxxn7_13orion_variate4vars5parse5value5testss_19test_take_obj_value
FNDA:1,_RNvNtNtNtNtCs4EPYtvAxxn7_13orion_variate4vars5parse5value5testss_19test_take_value_vec
FNDA:30,_RNvNtNtNtCs4EPYtvAxxn7_13orion_variate4vars5parse5value10take_value
FNDA:7,_RNvNtNtNtCs4EPYtvAxxn7_13orion_variate4vars5parse5value14take_obj_value
FNDA:13,_RNvNtNtNtCs4EPYtvAxxn7_13orion_variate4vars5parse5value14take_value_map
FNDA:14,_RNvNtNtNtCs4EPYtvAxxn7_13orion_variate4vars5parse5value14take_value_vec
FNDA:4,_RNvNtNtNtCs4EPYtvAxxn7_13orion_variate4vars5parse5value14take_vec_value
FNDA:11,_RNvNtNtNtCs4EPYtvAxxn7_13orion_variate4vars5parse5value15gal_named_value
FNDA:30,_RNvNtNtNtCs4EPYtvAxxn7_13orion_variate4vars5parse5value16gal_simple_value
FNF:10
FNH:10
DA:13,30
DA:14,30
DA:15,30
DA:16,30
DA:17,30
DA:18,30
DA:19,30
DA:20,30
DA:21,30
DA:22,30
DA:24,30
DA:25,30
DA:26,30
DA:27,28
DA:28,28
DA:29,30
DA:31,11
DA:32,11
DA:33,11
DA:34,11
DA:35,11
DA:36,10
DA:37,10
DA:38,9
DA:40,9
DA:41,8
DA:42,8
DA:43,11
DA:47,7
DA:48,7
DA:49,7
DA:51,4
DA:52,4
DA:53,4
DA:54,14
DA:55,14
DA:56,14
DA:57,11
DA:58,11
DA:59,11
DA:60,9
DA:61,14
DA:63,13
DA:64,13
DA:65,13
DA:66,13
DA:67,13
DA:68,8
DA:69,8
DA:70,8
DA:71,6
DA:72,8
DA:73,8
DA:74,8
DA:75,6
DA:76,13
DA:86,1
DA:88,1
DA:89,1
DA:92,1
DA:93,1
DA:94,1
DA:95,1
DA:96,1
DA:100,1
DA:101,1
DA:102,1
DA:103,1
DA:104,1
DA:105,1
DA:107,1
DA:110,1
DA:111,1
DA:112,1
DA:113,1
DA:114,1
DA:115,1
DA:118,0
DA:122,1
DA:123,1
DA:126,1
DA:127,1
DA:129,1
DA:130,1
DA:132,1
DA:136,1
DA:137,1
DA:140,1
DA:141,1
DA:142,1
DA:143,1
DA:145,1
DA:146,1
DA:147,1
DA:148,1
DA:149,1
DA:150,1
DA:155,1
DA:156,1
DA:157,1
DA:158,1
DA:159,1
DA:160,1
DA:161,1
DA:166,1
DA:167,1
DA:168,1
DA:169,1
DA:170,1
DA:171,1
DA:172,1
DA:173,1
DA:174,1
DA:179,1
DA:180,1
DA:181,1
DA:182,1
DA:183,1
DA:184,1
DA:185,1
DA:190,1
DA:191,1
DA:194,1
DA:195,1
DA:197,1
DA:198,1
BRF:0
BRH:0
LF:127
LH:126
end_of_record
SF:/Users/zuowenjian/devspace/galaxy/orion_variate/src/vars/types.rs
FN:31,_RNCNvXs_NtNtCsi54NA8MzyV0_13orion_variate4vars5typesINtNtCsd2KPTObkMr_4core6option6OptionNtNtCs7fnLZwG9eJV_5alloc6string6StringEINtB6_11EnvEvalableBO_E8env_eval0Ba_
FN:24,_RNvXNtNtCsi54NA8MzyV0_13orion_variate4vars5typesNtNtCs7fnLZwG9eJV_5alloc6string6StringINtB2_11EnvEvalableBK_E8env_eval
FN:108,_RNvMs3_NtNtCsi54NA8MzyV0_13orion_variate4vars5typesNtB5_9ValueType13update_by_str
FN:80,_RNvMs3_NtNtCsi54NA8MzyV0_13orion_variate4vars5typesNtB5_9ValueType3len
FN:88,_RNvMs3_NtNtCsi54NA8MzyV0_13orion_variate4vars5typesNtB5_9ValueType8is_empty
FN:97,_RNvMs3_NtNtCsi54NA8MzyV0_13orion_variate4vars5typesNtB5_9ValueType9type_name
FN:51,_RNvXs0_NtNtCsi54NA8MzyV0_13orion_variate4vars5typesNtB5_9ValueTypeNtNtCsd2KPTObkMr_4core3fmt7Display3fmt
FN:65,_RNvXs1_NtNtCsi54NA8MzyV0_13orion_variate4vars5typesNtB5_9ValueTypeINtB5_11EnvEvalableBN_E8env_eval
FN:74,_RNvXs2_NtNtCsi54NA8MzyV0_13orion_variate4vars5typesNtB5_9ValueTypeINtNtCsd2KPTObkMr_4core7convert4FromReE4from
FN:30,_RNvXs_NtNtCsi54NA8MzyV0_13orion_variate4vars5typesINtNtCsd2KPTObkMr_4core6option6OptionNtNtCs7fnLZwG9eJV_5alloc6string6StringEINtB4_11EnvEvalableBM_E8env_eval
FN:31,_RNCNvXs_NtNtCs4EPYtvAxxn7_13orion_variate4vars5typesINtNtCsd2KPTObkMr_4core6option6OptionNtNtCs7fnLZwG9eJV_5alloc6string6StringEINtB6_11EnvEvalableBO_E8env_eval0Ba_
FN:88,_RNvMs3_NtNtCs4EPYtvAxxn7_13orion_variate4vars5typesNtB5_9ValueType8is_empty
FN:30,_RNvXs_NtNtCs4EPYtvAxxn7_13orion_variate4vars5typesINtNtCsd2KPTObkMr_4core6option6OptionNtNtCs7fnLZwG9eJV_5alloc6string6StringEINtB4_11EnvEvalableBM_E8env_eval
FN:108,_RNvMs3_NtNtCs4EPYtvAxxn7_13orion_variate4vars5typesNtB5_9ValueType13update_by_str
FN:80,_RNvMs3_NtNtCs4EPYtvAxxn7_13orion_variate4vars5typesNtB5_9ValueType3len
FN:97,_RNvMs3_NtNtCs4EPYtvAxxn7_13orion_variate4vars5typesNtB5_9ValueType9type_name
FN:51,_RNvXs0_NtNtCs4EPYtvAxxn7_13orion_variate4vars5typesNtB5_9ValueTypeNtNtCsd2KPTObkMr_4core3fmt7Display3fmt
FN:65,_RNvXs1_NtNtCs4EPYtvAxxn7_13orion_variate4vars5typesNtB5_9ValueTypeINtB5_11EnvEvalableBN_E8env_eval
FN:74,_RNvXs2_NtNtCs4EPYtvAxxn7_13orion_variate4vars5typesNtB5_9ValueTypeINtNtCsd2KPTObkMr_4core7convert4FromReE4from
FN:24,_RNvXNtNtCs4EPYtvAxxn7_13orion_variate4vars5typesNtNtCs7fnLZwG9eJV_5alloc6string6StringINtB2_11EnvEvalableBK_E8env_eval
FN:158,_RNvNtNtNtCs4EPYtvAxxn7_13orion_variate4vars5types5testss_17test_from_modlist
FN:277,_RNvNtNtNtCs4EPYtvAxxn7_13orion_variate4vars5types5testss_18test_update_by_str
FN:229,_RNvNtNtNtCs4EPYtvAxxn7_13orion_variate4vars5types5testss_19test_value_type_len
FN:253,_RNvNtNtNtCs4EPYtvAxxn7_13orion_variate4vars5types5testss_20test_value_type_name
FN:138,_RNvNtNtNtCs4EPYtvAxxn7_13orion_variate4vars5types5testss_28test_modlist_deserialization
FN:181,_RNvNtNtNtCs4EPYtvAxxn7_13orion_variate4vars5types5testss_28test_value_obj_serialization
FNDA:0,_RNCNvXs_NtNtCsi54NA8MzyV0_13orion_variate4vars5typesINtNtCsd2KPTObkMr_4core6option6OptionNtNtCs7fnLZwG9eJV_5alloc6string6StringEINtB6_11EnvEvalableBO_E8env_eval0Ba_
FNDA:0,_RNvXNtNtCsi54NA8MzyV0_13orion_variate4vars5typesNtNtCs7fnLZwG9eJV_5alloc6string6StringINtB2_11EnvEvalableBK_E8env_eval
FNDA:0,_RNvMs3_NtNtCsi54NA8MzyV0_13orion_variate4vars5typesNtB5_9ValueType13update_by_str
FNDA:0,_RNvMs3_NtNtCsi54NA8MzyV0_13orion_variate4vars5typesNtB5_9ValueType3len
FNDA:0,_RNvMs3_NtNtCsi54NA8MzyV0_13orion_variate4vars5typesNtB5_9ValueType8is_empty
FNDA:0,_RNvMs3_NtNtCsi54NA8MzyV0_13orion_variate4vars5typesNtB5_9ValueType9type_name
FNDA:0,_RNvXs0_NtNtCsi54NA8MzyV0_13orion_variate4vars5typesNtB5_9ValueTypeNtNtCsd2KPTObkMr_4core3fmt7Display3fmt
FNDA:0,_RNvXs1_NtNtCsi54NA8MzyV0_13orion_variate4vars5typesNtB5_9ValueTypeINtB5_11EnvEvalableBN_E8env_eval
FNDA:0,_RNvXs2_NtNtCsi54NA8MzyV0_13orion_variate4vars5typesNtB5_9ValueTypeINtNtCsd2KPTObkMr_4core7convert4FromReE4from
FNDA:0,_RNvXs_NtNtCsi54NA8MzyV0_13orion_variate4vars5typesINtNtCsd2KPTObkMr_4core6option6OptionNtNtCs7fnLZwG9eJV_5alloc6string6StringEINtB4_11EnvEvalableBM_E8env_eval
FNDA:0,_RNCNvXs_NtNtCs4EPYtvAxxn7_13orion_variate4vars5typesINtNtCsd2KPTObkMr_4core6option6OptionNtNtCs7fnLZwG9eJV_5alloc6string6StringEINtB6_11EnvEvalableBO_E8env_eval0Ba_
FNDA:0,_RNvMs3_NtNtCs4EPYtvAxxn7_13orion_variate4vars5typesNtB5_9ValueType8is_empty
FNDA:0,_RNvXs_NtNtCs4EPYtvAxxn7_13orion_variate4vars5typesINtNtCsd2KPTObkMr_4core6option6OptionNtNtCs7fnLZwG9eJV_5alloc6string6StringEINtB4_11EnvEvalableBM_E8env_eval
FNDA:13,_RNvMs3_NtNtCs4EPYtvAxxn7_13orion_variate4vars5typesNtB5_9ValueType13update_by_str
FNDA:5,_RNvMs3_NtNtCs4EPYtvAxxn7_13orion_variate4vars5typesNtB5_9ValueType3len
FNDA:7,_RNvMs3_NtNtCs4EPYtvAxxn7_13orion_variate4vars5typesNtB5_9ValueType9type_name
FNDA:25,_RNvXs0_NtNtCs4EPYtvAxxn7_13orion_variate4vars5typesNtB5_9ValueTypeNtNtCsd2KPTObkMr_4core3fmt7Display3fmt
FNDA:13,_RNvXs1_NtNtCs4EPYtvAxxn7_13orion_variate4vars5typesNtB5_9ValueTypeINtB5_11EnvEvalableBN_E8env_eval
FNDA:31,_RNvXs2_NtNtCs4EPYtvAxxn7_13orion_variate4vars5typesNtB5_9ValueTypeINtNtCsd2KPTObkMr_4core7convert4FromReE4from
FNDA:35,_RNvXNtNtCs4EPYtvAxxn7_13orion_variate4vars5typesNtNtCs7fnLZwG9eJV_5alloc6string6StringINtB2_11EnvEvalableBK_E8env_eval
FNDA:1,_RNvNtNtNtCs4EPYtvAxxn7_13orion_variate4vars5types5testss_17test_from_modlist
FNDA:1,_RNvNtNtNtCs4EPYtvAxxn7_13orion_variate4vars5types5testss_18test_update_by_str
FNDA:1,_RNvNtNtNtCs4EPYtvAxxn7_13orion_variate4vars5types5testss_19test_value_type_len
FNDA:1,_RNvNtNtNtCs4EPYtvAxxn7_13orion_variate4vars5types5testss_20test_value_type_name
FNDA:1,_RNvNtNtNtCs4EPYtvAxxn7_13orion_variate4vars5types5testss_28test_modlist_deserialization
FNDA:1,_RNvNtNtNtCs4EPYtvAxxn7_13orion_variate4vars5types5testss_28test_value_obj_serialization
FNF:16
FNH:13
DA:24,35
DA:25,35
DA:26,35
DA:30,0
DA:31,0
DA:32,0
DA:51,25
DA:52,25
DA:53,25
DA:54,0
DA:55,0
DA:56,0
DA:57,0
DA:58,0
DA:59,0
DA:61,25
DA:65,13
DA:66,13
DA:67,13
DA:68,0
DA:70,13
DA:74,31
DA:75,31
DA:76,31
DA:80,5
DA:81,5
DA:82,1
DA:83,1
DA:84,1
DA:85,2
DA:87,5
DA:88,0
DA:89,0
DA:90,0
DA:91,0
DA:92,0
DA:93,0
DA:95,0
DA:97,7
DA:98,7
DA:99,1
DA:100,1
DA:101,1
DA:102,1
DA:103,1
DA:104,1
DA:105,1
DA:107,7
DA:108,13
DA:109,13
DA:110,13
DA:111,1
DA:112,2
DA:113,2
DA:114,2
DA:115,2
DA:116,2
DA:117,2
DA:118,2
DA:119,2
DA:120,2
DA:122,2
DA:123,2
DA:124,2
DA:125,2
DA:126,2
DA:129,7
DA:130,13
DA:138,1
DA:139,1
DA:140,1
DA:141,1
DA:142,1
DA:143,1
DA:144,1
DA:145,1
DA:146,1
DA:149,1
DA:151,1
DA:152,1
DA:158,1
DA:159,1
DA:160,1
DA:161,1
DA:162,1
DA:163,1
DA:164,1
DA:165,1
DA:166,1
DA:167,1
DA:168,1
DA:170,1
DA:171,1
DA:172,1
DA:173,1
DA:174,1
DA:175,1
DA:177,0
DA:178,0
DA:179,1
DA:181,1
DA:183,1
DA:184,1
DA:185,1
DA:186,1
DA:187,1
DA:188,1
DA:192,1
DA:193,1
DA:195,1
DA:196,1
DA:197,1
DA:198,1
DA:201,1
DA:202,1
DA:204,1
DA:205,1
DA:206,1
DA:207,1
DA:208,1
DA:209,1
DA:211,1
DA:212,1
DA:213,1
DA:215,1
DA:216,1
DA:217,1
DA:220,1
DA:221,1
DA:222,1
DA:224,1
DA:225,1
DA:226,1
DA:227,1
DA:229,1
DA:230,1
DA:231,1
DA:233,1
DA:234,1
DA:235,1
DA:236,1
DA:237,1
DA:239,1
DA:240,1
DA:241,1
DA:242,1
DA:243,1
DA:245,1
DA:246,1
DA:248,1
DA:249,1
DA:250,1
DA:253,1
DA:254,1
DA:255,1
DA:257,1
DA:258,1
DA:260,1
DA:261,1
DA:263,1
DA:264,1
DA:266,1
DA:267,1
DA:269,1
DA:270,1
DA:272,1
DA:273,1
DA:274,1
DA:277,1
DA:279,1
DA:280,1
DA:281,1
DA:284,1
DA:285,1
DA:286,1
DA:289,1
DA:290,1
DA:293,1
DA:294,1
DA:295,1
DA:298,1
DA:299,1
DA:302,1
DA:303,1
DA:304,1
DA:307,1
DA:308,1
DA:311,1
DA:312,1
DA:313,1
DA:316,1
DA:317,1
DA:320,1
DA:321,1
DA:322,1
DA:323,1
DA:324,1
DA:327,1
DA:328,1
DA:331,1
DA:332,1
DA:333,1
DA:334,1
DA:335,1
DA:336,1
DA:337,1
DA:340,1
DA:341,1
DA:342,1
BRF:0
BRH:0
LF:210
LH:190
end_of_record